#
# There is insufficient memory for the Java Runtime Environment to continue.
# Native memory allocation (mmap) failed to map 28311552 bytes for G1 virtual space
# Possible reasons:
#   The system is out of physical RAM or swap space
#   The process is running with CompressedOops enabled, and the Java Heap may be blocking the growth of the native heap
# Possible solutions:
#   Reduce memory load on the system
#   Increase physical memory or swap space
#   Check if swap backing store is full
#   Decrease Java heap size (-Xmx/-Xms)
#   Decrease number of Java threads
#   Decrease Java thread stack sizes (-Xss)
#   Set larger code cache with -XX:ReservedCodeCacheSize=
#   JVM is running with Unscaled Compressed Oops mode in which the Java heap is
#     placed in the first 4GB address space. The Java Heap base address is the
#     maximum limit for the native heap growth. Please use -XX:HeapBaseMinAddress
#     to set the Java Heap base and to place the Java Heap above 4GB virtual address.
# This output file may be truncated or incomplete.
#
#  Out of Memory Error (os_windows.cpp:3550), pid=26280, tid=25892
#
# JRE version: Java(TM) SE Runtime Environment (17.0.8+9) (build 17.0.8+9-LTS-211)
# Java VM: Java HotSpot(TM) 64-Bit Server VM (17.0.8+9-LTS-211, mixed mode, sharing, tiered, compressed oops, compressed class ptrs, g1 gc, windows-amd64)
# No core dump will be written. Minidumps are not enabled by default on client versions of Windows
#

---------------  S U M M A R Y ------------

Command Line: -Dmaven.multiModuleProjectDirectory=C:\Users\adem khalfaoui\Documents\Zoom\GESTION_FORMATION -Djansi.passthrough=true -Dmaven.home=C:\Program Files\JetBrains\IntelliJ IDEA Community Edition 2024.1.1\plugins\maven\lib\maven3 -Dclassworlds.conf=C:\Program Files\JetBrains\IntelliJ IDEA Community Edition 2024.1.1\plugins\maven\lib\maven3\bin\m2.conf -Dmaven.ext.class.path=C:\Program Files\JetBrains\IntelliJ IDEA Community Edition 2024.1.1\plugins\maven\lib\maven-event-listener.jar -javaagent:C:\Program Files\JetBrains\IntelliJ IDEA Community Edition 2024.1.1\lib\idea_rt.jar=57241:C:\Program Files\JetBrains\IntelliJ IDEA Community Edition 2024.1.1\bin -Dfile.encoding=UTF-8 org.codehaus.classworlds.Launcher -Didea.version=2024.1.1 clean install

Host: AMD Ryzen 5 5600H with Radeon Graphics         , 12 cores, 5G,  Windows 11 , 64 bit Build 22621 (10.0.22621.3374)
Time: Thu May  9 19:06:06 2024 Afr. centrale Ouest elapsed time: 19.510672 seconds (0d 0h 0m 19s)

---------------  T H R E A D  ---------------

Current thread (0x000001889d9dfbd0):  VMThread "VM Thread" [stack: 0x0000002e00300000,0x0000002e00400000] [id=25892]

Stack: [0x0000002e00300000,0x0000002e00400000]
Native frames: (J=compiled Java code, j=interpreted, Vv=VM code, C=native code)
V  [jvm.dll+0x677d0a]
V  [jvm.dll+0x7d8c54]
V  [jvm.dll+0x7da3fe]
V  [jvm.dll+0x7daa63]
V  [jvm.dll+0x245c5f]
V  [jvm.dll+0x674bb9]
V  [jvm.dll+0x6694f2]
V  [jvm.dll+0x3031d6]
V  [jvm.dll+0x30a756]
V  [jvm.dll+0x359f9e]
V  [jvm.dll+0x35a1cf]
V  [jvm.dll+0x2da3e8]
V  [jvm.dll+0x2d87f5]
V  [jvm.dll+0x2d7dfc]
V  [jvm.dll+0x31b4cb]
V  [jvm.dll+0x7df26b]
V  [jvm.dll+0x7dffa4]
V  [jvm.dll+0x7e04bd]
V  [jvm.dll+0x7e0894]
V  [jvm.dll+0x7e0960]
V  [jvm.dll+0x788bba]
V  [jvm.dll+0x676b35]
C  [ucrtbase.dll+0x29333]
C  [KERNEL32.DLL+0x1257d]
C  [ntdll.dll+0x5aa48]

VM_Operation (0x0000002e7fdfb070): G1CollectForAllocation, mode: safepoint, requested by thread 0x0000018880831180


---------------  P R O C E S S  ---------------

Threads class SMR info:
_java_thread_list=0x000001889dd0d0b0, length=13, elements={
0x0000018880831180, 0x000001889d9e37c0, 0x000001889d9e4630, 0x000001889d9f5f80,
0x000001889d9f7b40, 0x000001889d9fa600, 0x000001889d9fafb0, 0x000001889d9ff650,
0x000001889da08100, 0x000001889da0ba20, 0x000001889dc066b0, 0x000001889dd0dbf0,
0x000001889dd0e6d0
}

Java Threads: ( => current thread )
  0x0000018880831180 JavaThread "main" [_thread_blocked, id=16428, stack(0x0000002e7fd00000,0x0000002e7fe00000)]
  0x000001889d9e37c0 JavaThread "Reference Handler" daemon [_thread_blocked, id=17532, stack(0x0000002e00400000,0x0000002e00500000)]
  0x000001889d9e4630 JavaThread "Finalizer" daemon [_thread_blocked, id=6680, stack(0x0000002e00500000,0x0000002e00600000)]
  0x000001889d9f5f80 JavaThread "Signal Dispatcher" daemon [_thread_blocked, id=320, stack(0x0000002e00600000,0x0000002e00700000)]
  0x000001889d9f7b40 JavaThread "Attach Listener" daemon [_thread_blocked, id=16120, stack(0x0000002e00700000,0x0000002e00800000)]
  0x000001889d9fa600 JavaThread "Service Thread" daemon [_thread_blocked, id=18224, stack(0x0000002e00800000,0x0000002e00900000)]
  0x000001889d9fafb0 JavaThread "Monitor Deflation Thread" daemon [_thread_blocked, id=24392, stack(0x0000002e00900000,0x0000002e00a00000)]
  0x000001889d9ff650 JavaThread "C2 CompilerThread0" daemon [_thread_blocked, id=28476, stack(0x0000002e00a00000,0x0000002e00b00000)]
  0x000001889da08100 JavaThread "C1 CompilerThread0" daemon [_thread_blocked, id=28060, stack(0x0000002e00b00000,0x0000002e00c00000)]
  0x000001889da0ba20 JavaThread "Sweeper thread" daemon [_thread_blocked, id=22960, stack(0x0000002e00c00000,0x0000002e00d00000)]
  0x000001889dc066b0 JavaThread "Common-Cleaner" daemon [_thread_blocked, id=23944, stack(0x0000002e00d00000,0x0000002e00e00000)]
  0x000001889dd0dbf0 JavaThread "Monitor Ctrl-Break" daemon [_thread_in_native, id=7944, stack(0x0000002e00e00000,0x0000002e00f00000)]
  0x000001889dd0e6d0 JavaThread "Notification Thread" daemon [_thread_blocked, id=27724, stack(0x0000002e00f00000,0x0000002e01000000)]

Other Threads:
=>0x000001889d9dfbd0 VMThread "VM Thread" [stack: 0x0000002e00300000,0x0000002e00400000] [id=25892]
  0x000001889dd154c0 WatcherThread [stack: 0x0000002e01000000,0x0000002e01100000] [id=25288]
  0x000001888087ba80 GCTaskThread "GC Thread#0" [stack: 0x0000002e7fe00000,0x0000002e7ff00000] [id=4300]
  0x00000188e35a93e0 GCTaskThread "GC Thread#1" [stack: 0x0000002e01100000,0x0000002e01200000] [id=28688]
  0x00000188e3776fc0 GCTaskThread "GC Thread#2" [stack: 0x0000002e01200000,0x0000002e01300000] [id=16748]
  0x00000188e378b380 GCTaskThread "GC Thread#3" [stack: 0x0000002e01300000,0x0000002e01400000] [id=10356]
  0x00000188e3793be0 GCTaskThread "GC Thread#4" [stack: 0x0000002e01400000,0x0000002e01500000] [id=22968]
  0x00000188e37942a0 GCTaskThread "GC Thread#5" [stack: 0x0000002e01500000,0x0000002e01600000] [id=23136]
  0x00000188e3794550 GCTaskThread "GC Thread#6" [stack: 0x0000002e01600000,0x0000002e01700000] [id=25420]
  0x00000188e3794800 GCTaskThread "GC Thread#7" [stack: 0x0000002e01700000,0x0000002e01800000] [id=16232]
  0x00000188e3746ca0 GCTaskThread "GC Thread#8" [stack: 0x0000002e01800000,0x0000002e01900000] [id=4380]
  0x00000188e36d4cd0 GCTaskThread "GC Thread#9" [stack: 0x0000002e01900000,0x0000002e01a00000] [id=1824]
  0x0000018880888540 ConcurrentGCThread "G1 Main Marker" [stack: 0x0000002e7ff00000,0x0000002e80000000] [id=19620]
  0x00000188808896f0 ConcurrentGCThread "G1 Conc#0" [stack: 0x0000002e00000000,0x0000002e00100000] [id=26824]
  0x00000188e3980850 ConcurrentGCThread "G1 Conc#1" [stack: 0x0000002e01a00000,0x0000002e01b00000] [id=27292]
  0x00000188e39815c0 ConcurrentGCThread "G1 Conc#2" [stack: 0x0000002e01b00000,0x0000002e01c00000] [id=27640]
  0x000001889d8a0090 ConcurrentGCThread "G1 Refine#0" [stack: 0x0000002e00100000,0x0000002e00200000] [id=20968]
  0x00000188e370f850 ConcurrentGCThread "G1 Refine#1" [stack: 0x0000002e01c00000,0x0000002e01d00000] [id=27324]
  0x000001889d8a1ac0 ConcurrentGCThread "G1 Service" [stack: 0x0000002e00200000,0x0000002e00300000] [id=20672]

Threads with active compile tasks:
C2 CompilerThread0    19552 8348       4       com.sun.tools.javac.jvm.PoolReader::resolve (344 bytes)

VM state: at safepoint (normal execution)

VM Mutex/Monitor currently owned by a thread:  ([mutex/lock_event])
[0x000001888082d490] Threads_lock - owner thread: 0x000001889d9dfbd0
[0x000001888082bfc0] Heap_lock - owner thread: 0x0000018880831180

Heap address: 0x00000000a2400000, size: 1500 MB, Compressed Oops mode: 32-bit

CDS archive(s) mapped at: [0x000001889e000000-0x000001889ebd0000-0x000001889ebd0000), size 12386304, SharedBaseAddress: 0x000001889e000000, ArchiveRelocationMode: 1.
Compressed class space mapped at: 0x000001889f000000-0x00000188df000000, reserved size: 1073741824
Narrow klass base: 0x000001889e000000, Narrow klass shift: 0, Narrow klass range: 0x100000000

GC Precious Log:
 CPUs: 12 total, 12 available
 Memory: 5996M
 Large Page Support: Disabled
 NUMA Support: Disabled
 Compressed Oops: Enabled (32-bit)
 Heap Region Size: 1M
 Heap Min Capacity: 8M
 Heap Initial Capacity: 94M
 Heap Max Capacity: 1500M
 Pre-touch: Disabled
 Parallel Workers: 10
 Concurrent Workers: 3
 Concurrent Refinement Workers: 10
 Periodic GC: Disabled

Heap:
 garbage-first heap   total 115712K, used 57691K [0x00000000a2400000, 0x0000000100000000)
  region size 1024K, 1 young (1024K), 1 survivors (1024K)
 Metaspace       used 31869K, committed 32256K, reserved 1114112K
  class space    used 3562K, committed 3776K, reserved 1048576K

Heap Regions: E=young(eden), S=young(survivor), O=old, HS=humongous(starts), HC=humongous(continues), CS=collection set, F=free, OA=open archive, CA=closed archive, TAMS=top-at-mark-start (previous, next)
|   0|0x00000000a2400000, 0x00000000a2500000, 0x00000000a2500000|100%| O|  |TAMS 0x00000000a2500000, 0x00000000a2400000| Untracked 
|   1|0x00000000a2500000, 0x00000000a2600000, 0x00000000a2600000|100%| O|  |TAMS 0x00000000a2600000, 0x00000000a2500000| Untracked 
|   2|0x00000000a2600000, 0x00000000a2700000, 0x00000000a2700000|100%| O|  |TAMS 0x00000000a2700000, 0x00000000a2600000| Untracked 
|   3|0x00000000a2700000, 0x00000000a2800000, 0x00000000a2800000|100%| O|  |TAMS 0x00000000a2800000, 0x00000000a2700000| Untracked 
|   4|0x00000000a2800000, 0x00000000a2900000, 0x00000000a2900000|100%| O|  |TAMS 0x00000000a2900000, 0x00000000a2800000| Untracked 
|   5|0x00000000a2900000, 0x00000000a2a00000, 0x00000000a2a00000|100%| O|  |TAMS 0x00000000a2a00000, 0x00000000a2900000| Untracked 
|   6|0x00000000a2a00000, 0x00000000a2b00000, 0x00000000a2b00000|100%| O|  |TAMS 0x00000000a2b00000, 0x00000000a2a00000| Untracked 
|   7|0x00000000a2b00000, 0x00000000a2c00000, 0x00000000a2c00000|100%| O|  |TAMS 0x00000000a2c00000, 0x00000000a2b00000| Untracked 
|   8|0x00000000a2c00000, 0x00000000a2d00000, 0x00000000a2d00000|100%| O|  |TAMS 0x00000000a2d00000, 0x00000000a2c00000| Untracked 
|   9|0x00000000a2d00000, 0x00000000a2e00000, 0x00000000a2e00000|100%| O|  |TAMS 0x00000000a2e00000, 0x00000000a2d00000| Untracked 
|  10|0x00000000a2e00000, 0x00000000a2f00000, 0x00000000a2f00000|100%| O|  |TAMS 0x00000000a2f00000, 0x00000000a2e00000| Untracked 
|  11|0x00000000a2f00000, 0x00000000a3000000, 0x00000000a3000000|100%| O|  |TAMS 0x00000000a3000000, 0x00000000a2f00000| Untracked 
|  12|0x00000000a3000000, 0x00000000a3100000, 0x00000000a3100000|100%| O|  |TAMS 0x00000000a3000000, 0x00000000a3000000| Untracked 
|  13|0x00000000a3100000, 0x00000000a3200000, 0x00000000a3200000|100%|HS|  |TAMS 0x00000000a3200000, 0x00000000a3100000| Complete 
|  14|0x00000000a3200000, 0x00000000a3300000, 0x00000000a3300000|100%|HS|  |TAMS 0x00000000a3300000, 0x00000000a3200000| Complete 
|  15|0x00000000a3300000, 0x00000000a3400000, 0x00000000a3400000|100%|HC|  |TAMS 0x00000000a3400000, 0x00000000a3300000| Complete 
|  16|0x00000000a3400000, 0x00000000a3500000, 0x00000000a3500000|100%| O|  |TAMS 0x00000000a3500000, 0x00000000a3400000| Untracked 
|  17|0x00000000a3500000, 0x00000000a3600000, 0x00000000a3600000|100%| O|  |TAMS 0x00000000a3600000, 0x00000000a3500000| Untracked 
|  18|0x00000000a3600000, 0x00000000a3700000, 0x00000000a3700000|100%| O|  |TAMS 0x00000000a3700000, 0x00000000a3600000| Untracked 
|  19|0x00000000a3700000, 0x00000000a3800000, 0x00000000a3800000|100%| O|  |TAMS 0x00000000a3800000, 0x00000000a3700000| Untracked 
|  20|0x00000000a3800000, 0x00000000a3900000, 0x00000000a3900000|100%| O|  |TAMS 0x00000000a3900000, 0x00000000a3800000| Untracked 
|  21|0x00000000a3900000, 0x00000000a3900000, 0x00000000a3a00000|  0%| F|  |TAMS 0x00000000a3900000, 0x00000000a3900000| Untracked 
|  22|0x00000000a3a00000, 0x00000000a3b00000, 0x00000000a3b00000|100%|HS|  |TAMS 0x00000000a3a00000, 0x00000000a3a00000| Complete 
|  23|0x00000000a3b00000, 0x00000000a3b00000, 0x00000000a3c00000|  0%| F|  |TAMS 0x00000000a3b00000, 0x00000000a3b00000| Untracked 
|  24|0x00000000a3c00000, 0x00000000a3d00000, 0x00000000a3d00000|100%| O|  |TAMS 0x00000000a3d00000, 0x00000000a3c00000| Untracked 
|  25|0x00000000a3d00000, 0x00000000a3d00000, 0x00000000a3e00000|  0%| F|  |TAMS 0x00000000a3d00000, 0x00000000a3d00000| Untracked 
|  26|0x00000000a3e00000, 0x00000000a3e00000, 0x00000000a3f00000|  0%| F|  |TAMS 0x00000000a3e00000, 0x00000000a3e00000| Untracked 
|  27|0x00000000a3f00000, 0x00000000a4000000, 0x00000000a4000000|100%| O|  |TAMS 0x00000000a4000000, 0x00000000a3f00000| Untracked 
|  28|0x00000000a4000000, 0x00000000a4000000, 0x00000000a4100000|  0%| F|  |TAMS 0x00000000a4000000, 0x00000000a4000000| Untracked 
|  29|0x00000000a4100000, 0x00000000a4100000, 0x00000000a4200000|  0%| F|  |TAMS 0x00000000a4100000, 0x00000000a4100000| Untracked 
|  30|0x00000000a4200000, 0x00000000a4200000, 0x00000000a4300000|  0%| F|  |TAMS 0x00000000a4200000, 0x00000000a4200000| Untracked 
|  31|0x00000000a4300000, 0x00000000a4300000, 0x00000000a4400000|  0%| F|  |TAMS 0x00000000a4300000, 0x00000000a4300000| Untracked 
|  32|0x00000000a4400000, 0x00000000a4400000, 0x00000000a4500000|  0%| F|  |TAMS 0x00000000a4400000, 0x00000000a4400000| Untracked 
|  33|0x00000000a4500000, 0x00000000a4600000, 0x00000000a4600000|100%| O|  |TAMS 0x00000000a4600000, 0x00000000a4500000| Untracked 
|  34|0x00000000a4600000, 0x00000000a4600000, 0x00000000a4700000|  0%| F|  |TAMS 0x00000000a4600000, 0x00000000a4600000| Untracked 
|  35|0x00000000a4700000, 0x00000000a4700000, 0x00000000a4800000|  0%| F|  |TAMS 0x00000000a4700000, 0x00000000a4700000| Untracked 
|  36|0x00000000a4800000, 0x00000000a4900000, 0x00000000a4900000|100%| O|  |TAMS 0x00000000a4900000, 0x00000000a4800000| Untracked 
|  37|0x00000000a4900000, 0x00000000a4a00000, 0x00000000a4a00000|100%| O|  |TAMS 0x00000000a4a00000, 0x00000000a4900000| Untracked 
|  38|0x00000000a4a00000, 0x00000000a4b00000, 0x00000000a4b00000|100%| O|  |TAMS 0x00000000a4b00000, 0x00000000a4a00000| Untracked 
|  39|0x00000000a4b00000, 0x00000000a4c00000, 0x00000000a4c00000|100%| O|  |TAMS 0x00000000a4c00000, 0x00000000a4b00000| Untracked 
|  40|0x00000000a4c00000, 0x00000000a4d00000, 0x00000000a4d00000|100%| O|  |TAMS 0x00000000a4d00000, 0x00000000a4c00000| Untracked 
|  41|0x00000000a4d00000, 0x00000000a4e00000, 0x00000000a4e00000|100%| O|  |TAMS 0x00000000a4d00000, 0x00000000a4d00000| Untracked 
|  42|0x00000000a4e00000, 0x00000000a4f00000, 0x00000000a4f00000|100%| O|  |TAMS 0x00000000a4f00000, 0x00000000a4e00000| Untracked 
|  43|0x00000000a4f00000, 0x00000000a5000000, 0x00000000a5000000|100%| O|  |TAMS 0x00000000a5000000, 0x00000000a4f00000| Untracked 
|  44|0x00000000a5000000, 0x00000000a5100000, 0x00000000a5100000|100%| O|  |TAMS 0x00000000a5100000, 0x00000000a5000000| Untracked 
|  45|0x00000000a5100000, 0x00000000a5200000, 0x00000000a5200000|100%| O|  |TAMS 0x00000000a51f7600, 0x00000000a5100000| Untracked 
|  46|0x00000000a5200000, 0x00000000a5300000, 0x00000000a5300000|100%|HS|  |TAMS 0x00000000a5300000, 0x00000000a5200000| Complete 
|  47|0x00000000a5300000, 0x00000000a5400000, 0x00000000a5400000|100%|HC|  |TAMS 0x00000000a5400000, 0x00000000a5300000| Complete 
|  48|0x00000000a5400000, 0x00000000a5500000, 0x00000000a5500000|100%|HS|  |TAMS 0x00000000a5500000, 0x00000000a5400000| Complete 
|  49|0x00000000a5500000, 0x00000000a5600000, 0x00000000a5600000|100%|HC|  |TAMS 0x00000000a5600000, 0x00000000a5500000| Complete 
|  50|0x00000000a5600000, 0x00000000a5700000, 0x00000000a5700000|100%| O|  |TAMS 0x00000000a5600000, 0x00000000a5600000| Untracked 
|  51|0x00000000a5700000, 0x00000000a5800000, 0x00000000a5800000|100%|HS|  |TAMS 0x00000000a5700000, 0x00000000a5700000| Complete 
|  52|0x00000000a5800000, 0x00000000a5900000, 0x00000000a5900000|100%| O|  |TAMS 0x00000000a5800000, 0x00000000a5800000| Untracked 
|  53|0x00000000a5900000, 0x00000000a5a00000, 0x00000000a5a00000|100%| O|  |TAMS 0x00000000a5900000, 0x00000000a5900000| Untracked 
|  54|0x00000000a5a00000, 0x00000000a5b00000, 0x00000000a5b00000|100%| O|  |TAMS 0x00000000a5a00000, 0x00000000a5a00000| Untracked 
|  55|0x00000000a5b00000, 0x00000000a5c00000, 0x00000000a5c00000|100%| O|  |TAMS 0x00000000a5b00000, 0x00000000a5b00000| Untracked 
|  56|0x00000000a5c00000, 0x00000000a5d00000, 0x00000000a5d00000|100%| O|  |TAMS 0x00000000a5c00000, 0x00000000a5c00000| Untracked 
|  57|0x00000000a5d00000, 0x00000000a5e00000, 0x00000000a5e00000|100%| O|  |TAMS 0x00000000a5d00000, 0x00000000a5d00000| Untracked 
|  58|0x00000000a5e00000, 0x00000000a5f00000, 0x00000000a5f00000|100%| O|  |TAMS 0x00000000a5e00000, 0x00000000a5e00000| Untracked 
|  59|0x00000000a5f00000, 0x00000000a6000000, 0x00000000a6000000|100%| O|  |TAMS 0x00000000a5f00000, 0x00000000a5f00000| Untracked 
|  60|0x00000000a6000000, 0x00000000a6100000, 0x00000000a6100000|100%| O|  |TAMS 0x00000000a6000000, 0x00000000a6000000| Untracked 
|  61|0x00000000a6100000, 0x00000000a6200000, 0x00000000a6200000|100%| O|  |TAMS 0x00000000a6100000, 0x00000000a6100000| Untracked 
|  62|0x00000000a6200000, 0x00000000a6300000, 0x00000000a6300000|100%| O|  |TAMS 0x00000000a6200000, 0x00000000a6200000| Untracked 
|  63|0x00000000a6300000, 0x00000000a6400000, 0x00000000a6400000|100%| O|  |TAMS 0x00000000a6300000, 0x00000000a6300000| Untracked 
|  64|0x00000000a6400000, 0x00000000a6500000, 0x00000000a6500000|100%| O|  |TAMS 0x00000000a6400000, 0x00000000a6400000| Untracked 
|  65|0x00000000a6500000, 0x00000000a6600000, 0x00000000a6600000|100%| O|  |TAMS 0x00000000a6500000, 0x00000000a6500000| Untracked 
|  66|0x00000000a6600000, 0x00000000a6656c00, 0x00000000a6700000| 33%| O|  |TAMS 0x00000000a6600000, 0x00000000a6600000| Untracked 
|  67|0x00000000a6700000, 0x00000000a6700000, 0x00000000a6800000|  0%| F|  |TAMS 0x00000000a6700000, 0x00000000a6700000| Untracked 
|  68|0x00000000a6800000, 0x00000000a6800000, 0x00000000a6900000|  0%| F|  |TAMS 0x00000000a6800000, 0x00000000a6800000| Untracked 
|  69|0x00000000a6900000, 0x00000000a6900000, 0x00000000a6a00000|  0%| F|  |TAMS 0x00000000a6900000, 0x00000000a6900000| Untracked 
|  70|0x00000000a6a00000, 0x00000000a6a00000, 0x00000000a6b00000|  0%| F|  |TAMS 0x00000000a6a00000, 0x00000000a6a00000| Untracked 
|  71|0x00000000a6b00000, 0x00000000a6b00000, 0x00000000a6c00000|  0%| F|  |TAMS 0x00000000a6b00000, 0x00000000a6b00000| Untracked 
|  72|0x00000000a6c00000, 0x00000000a6c00000, 0x00000000a6d00000|  0%| F|  |TAMS 0x00000000a6c00000, 0x00000000a6c00000| Untracked 
|  73|0x00000000a6d00000, 0x00000000a6d00000, 0x00000000a6e00000|  0%| F|  |TAMS 0x00000000a6d00000, 0x00000000a6d00000| Untracked 
|  74|0x00000000a6e00000, 0x00000000a6e00000, 0x00000000a6f00000|  0%| F|  |TAMS 0x00000000a6e00000, 0x00000000a6e00000| Untracked 
|  75|0x00000000a6f00000, 0x00000000a6f00000, 0x00000000a7000000|  0%| F|  |TAMS 0x00000000a6f00000, 0x00000000a6f00000| Untracked 
|  76|0x00000000a7000000, 0x00000000a7000000, 0x00000000a7100000|  0%| F|  |TAMS 0x00000000a7000000, 0x00000000a7000000| Untracked 
|  77|0x00000000a7100000, 0x00000000a7100000, 0x00000000a7200000|  0%| F|  |TAMS 0x00000000a7100000, 0x00000000a7100000| Untracked 
|  78|0x00000000a7200000, 0x00000000a7200000, 0x00000000a7300000|  0%| F|  |TAMS 0x00000000a7200000, 0x00000000a7200000| Untracked 
|  79|0x00000000a7300000, 0x00000000a7300000, 0x00000000a7400000|  0%| F|  |TAMS 0x00000000a7300000, 0x00000000a7300000| Untracked 
|  80|0x00000000a7400000, 0x00000000a7400000, 0x00000000a7500000|  0%| F|  |TAMS 0x00000000a7400000, 0x00000000a7400000| Untracked 
|  81|0x00000000a7500000, 0x00000000a7500000, 0x00000000a7600000|  0%| F|  |TAMS 0x00000000a7500000, 0x00000000a7500000| Untracked 
|  82|0x00000000a7600000, 0x00000000a7600000, 0x00000000a7700000|  0%| F|  |TAMS 0x00000000a7600000, 0x00000000a7600000| Untracked 
|  83|0x00000000a7700000, 0x00000000a7700000, 0x00000000a7800000|  0%| F|  |TAMS 0x00000000a7700000, 0x00000000a7700000| Untracked 
|  84|0x00000000a7800000, 0x00000000a7800000, 0x00000000a7900000|  0%| F|  |TAMS 0x00000000a7800000, 0x00000000a7800000| Untracked 
|  85|0x00000000a7900000, 0x00000000a7900000, 0x00000000a7a00000|  0%| F|  |TAMS 0x00000000a7900000, 0x00000000a7900000| Untracked 
|  86|0x00000000a7a00000, 0x00000000a7a00000, 0x00000000a7b00000|  0%| F|  |TAMS 0x00000000a7a00000, 0x00000000a7a00000| Untracked 
|  87|0x00000000a7b00000, 0x00000000a7b00000, 0x00000000a7c00000|  0%| F|  |TAMS 0x00000000a7b00000, 0x00000000a7b00000| Untracked 
|  88|0x00000000a7c00000, 0x00000000a7c00000, 0x00000000a7d00000|  0%| F|  |TAMS 0x00000000a7c00000, 0x00000000a7c00000| Untracked 
|  89|0x00000000a7d00000, 0x00000000a7d00000, 0x00000000a7e00000|  0%| F|  |TAMS 0x00000000a7d00000, 0x00000000a7d00000| Untracked 
|  90|0x00000000a7e00000, 0x00000000a7e00000, 0x00000000a7f00000|  0%| F|  |TAMS 0x00000000a7e00000, 0x00000000a7e00000| Untracked 
|  91|0x00000000a7f00000, 0x00000000a7f00000, 0x00000000a8000000|  0%| F|  |TAMS 0x00000000a7f00000, 0x00000000a7f00000| Untracked 
|  92|0x00000000a8000000, 0x00000000a8000000, 0x00000000a8100000|  0%| F|  |TAMS 0x00000000a8000000, 0x00000000a8000000| Untracked 
|  93|0x00000000a8100000, 0x00000000a8100000, 0x00000000a8200000|  0%| F|  |TAMS 0x00000000a8100000, 0x00000000a8100000| Untracked 
|  94|0x00000000a8200000, 0x00000000a8200000, 0x00000000a8300000|  0%| F|  |TAMS 0x00000000a8200000, 0x00000000a8200000| Untracked 
|  95|0x00000000a8300000, 0x00000000a8300000, 0x00000000a8400000|  0%| F|  |TAMS 0x00000000a8300000, 0x00000000a8300000| Untracked 
|  96|0x00000000a8400000, 0x00000000a8400000, 0x00000000a8500000|  0%| F|  |TAMS 0x00000000a8400000, 0x00000000a8400000| Untracked 
|  97|0x00000000a8500000, 0x00000000a8500000, 0x00000000a8600000|  0%| F|  |TAMS 0x00000000a8500000, 0x00000000a8500000| Untracked 
|  98|0x00000000a8600000, 0x00000000a8600000, 0x00000000a8700000|  0%| F|  |TAMS 0x00000000a8600000, 0x00000000a8600000| Untracked 
|  99|0x00000000a8700000, 0x00000000a8700000, 0x00000000a8800000|  0%| F|  |TAMS 0x00000000a8700000, 0x00000000a8700000| Untracked 
| 100|0x00000000a8800000, 0x00000000a8800000, 0x00000000a8900000|  0%| F|  |TAMS 0x00000000a8800000, 0x00000000a8800000| Untracked 
| 101|0x00000000a8900000, 0x00000000a8900000, 0x00000000a8a00000|  0%| F|  |TAMS 0x00000000a8900000, 0x00000000a8900000| Untracked 
| 102|0x00000000a8a00000, 0x00000000a8a00000, 0x00000000a8b00000|  0%| F|  |TAMS 0x00000000a8a00000, 0x00000000a8a00000| Untracked 
| 103|0x00000000a8b00000, 0x00000000a8b00000, 0x00000000a8c00000|  0%| F|  |TAMS 0x00000000a8b00000, 0x00000000a8b00000| Untracked 
| 104|0x00000000a8c00000, 0x00000000a8c00000, 0x00000000a8d00000|  0%| F|  |TAMS 0x00000000a8c00000, 0x00000000a8c00000| Untracked 
| 105|0x00000000a8d00000, 0x00000000a8d00000, 0x00000000a8e00000|  0%| F|  |TAMS 0x00000000a8d00000, 0x00000000a8d00000| Untracked 
| 106|0x00000000a8e00000, 0x00000000a8e00000, 0x00000000a8f00000|  0%| F|  |TAMS 0x00000000a8e00000, 0x00000000a8e00000| Untracked 
| 107|0x00000000a8f00000, 0x00000000a8f00000, 0x00000000a9000000|  0%| F|  |TAMS 0x00000000a8f00000, 0x00000000a8f00000| Untracked 
| 108|0x00000000a9000000, 0x00000000a9100000, 0x00000000a9100000|100%| S|CS|TAMS 0x00000000a9000000, 0x00000000a9000000| Complete 
| 109|0x00000000a9100000, 0x00000000a9100000, 0x00000000a9200000|  0%| F|  |TAMS 0x00000000a9100000, 0x00000000a9100000| Untracked 
| 110|0x00000000a9200000, 0x00000000a9200000, 0x00000000a9300000|  0%| F|  |TAMS 0x00000000a9200000, 0x00000000a9200000| Untracked 
| 111|0x00000000a9300000, 0x00000000a9300000, 0x00000000a9400000|  0%| F|  |TAMS 0x00000000a9300000, 0x00000000a9300000| Untracked 
| 112|0x00000000a9400000, 0x00000000a9400000, 0x00000000a9500000|  0%| F|  |TAMS 0x00000000a9400000, 0x00000000a9400000| Untracked 

Card table byte_map: [0x0000018897910000,0x0000018897c00000] _byte_map_base: 0x00000188973fe000

Marking Bits (Prev, Next): (CMBitMap*) 0x000001888087c090, (CMBitMap*) 0x000001888087c0d0
 Prev Bits: [0x0000018897ef0000, 0x0000018899660000)
 Next Bits: [0x0000018899660000, 0x000001889add0000)

Polling page: 0x0000018880000000

Metaspace:

Usage:
  Non-class:     27.64 MB used.
      Class:      3.48 MB used.
       Both:     31.12 MB used.

Virtual space:
  Non-class space:       64.00 MB reserved,      27.81 MB ( 43%) committed,  1 nodes.
      Class space:        1.00 GB reserved,       3.69 MB ( <1%) committed,  1 nodes.
             Both:        1.06 GB reserved,      31.50 MB (  3%) committed. 

Chunk freelists:
   Non-Class:  4.04 MB
       Class:  12.29 MB
        Both:  16.33 MB

MaxMetaspaceSize: unlimited
CompressedClassSpaceSize: 1.00 GB
Initial GC threshold: 21.00 MB
Current GC threshold: 52.50 MB
CDS: on
MetaspaceReclaimPolicy: balanced
 - commit_granule_bytes: 65536.
 - commit_granule_words: 8192.
 - virtual_space_node_default_size: 8388608.
 - enlarge_chunks_in_place: 1.
 - new_chunks_are_fully_committed: 0.
 - uncommit_free_chunks: 1.
 - use_allocation_guard: 0.
 - handle_deallocations: 1.


Internal statistics:

num_allocs_failed_limit: 3.
num_arena_births: 256.
num_arena_deaths: 0.
num_vsnodes_births: 2.
num_vsnodes_deaths: 0.
num_space_committed: 504.
num_space_uncommitted: 0.
num_chunks_returned_to_freelist: 3.
num_chunks_taken_from_freelist: 1453.
num_chunk_merges: 3.
num_chunk_splits: 991.
num_chunks_enlarged: 747.
num_purges: 0.
num_inconsistent_stats: 0.

CodeHeap 'non-profiled nmethods': size=120000Kb used=3340Kb max_used=3340Kb free=116659Kb
 bounds [0x000001888fba0000, 0x000001888fef0000, 0x00000188970d0000]
CodeHeap 'profiled nmethods': size=120000Kb used=16167Kb max_used=16167Kb free=103832Kb
 bounds [0x00000188880d0000, 0x00000188890a0000, 0x000001888f600000]
CodeHeap 'non-nmethods': size=5760Kb used=1217Kb max_used=1281Kb free=4542Kb
 bounds [0x000001888f600000, 0x000001888f870000, 0x000001888fba0000]
 total_blobs=7919 nmethods=7398 adapters=433
 compilation: enabled
              stopped_count=0, restarted_count=0
 full_count=0

Compilation events (20 events):
Event: 19.390 Thread 0x000001889da08100 8353       3       sun.nio.fs.WindowsSecurityDescriptor::release (75 bytes)
Event: 19.390 Thread 0x000001889da08100 nmethod 8353 0x0000018889098d90 code [0x0000018889098fc0, 0x0000018889099718]
Event: 19.390 Thread 0x000001889da08100 8354       3       jdk.nio.zipfs.ZipCoder$UTF8::getBytes (40 bytes)
Event: 19.391 Thread 0x000001889da08100 nmethod 8354 0x0000018889099990 code [0x0000018889099be0, 0x000001888909a558]
Event: 19.391 Thread 0x000001889da08100 8355       3       java.util.Collections$SingletonMap::containsKey (9 bytes)
Event: 19.391 Thread 0x000001889da08100 nmethod 8355 0x0000018888cc5c90 code [0x0000018888cc5e40, 0x0000018888cc6128]
Event: 19.409 Thread 0x000001889d9ff650 nmethod 8304% 0x000001888fed9c90 code [0x000001888fed9f40, 0x000001888fedd238]
Event: 19.409 Thread 0x000001889d9ff650 8316       4       java.util.regex.Pattern::atom (422 bytes)
Event: 19.412 Thread 0x000001889da08100 8356       3       sun.nio.fs.WindowsPath::equals (28 bytes)
Event: 19.413 Thread 0x000001889da08100 nmethod 8356 0x000001888909a910 code [0x000001888909aac0, 0x000001888909af48]
Event: 19.424 Thread 0x000001889d9ff650 nmethod 8316 0x000001888fedef90 code [0x000001888fedf1c0, 0x000001888fedfcd0]
Event: 19.424 Thread 0x000001889d9ff650 8341       4       com.sun.tools.javac.jvm.ClassFile::internalize (51 bytes)
Event: 19.432 Thread 0x000001889d9ff650 nmethod 8341 0x000001888fee0590 code [0x000001888fee0720, 0x000001888fee0a38]
Event: 19.432 Thread 0x000001889d9ff650 8350       4       com.sun.tools.javac.util.List::prepend (10 bytes)
Event: 19.433 Thread 0x000001889d9ff650 nmethod 8350 0x000001888fee0b90 code [0x000001888fee0d20, 0x000001888fee0e18]
Event: 19.433 Thread 0x000001889d9ff650 8318       4       com.sun.tools.javac.code.Symbol$ClassSymbol::<init> (75 bytes)
Event: 19.462 Thread 0x000001889d9ff650 nmethod 8318 0x000001888fee0f10 code [0x000001888fee1140, 0x000001888fee26d8]
Event: 19.462 Thread 0x000001889d9ff650 8348       4       com.sun.tools.javac.jvm.PoolReader::resolve (344 bytes)
Event: 19.467 Thread 0x000001889da08100 8359 %     3       sun.nio.fs.WindowsPath::compareTo @ 49 (118 bytes)
Event: 19.469 Thread 0x000001889da08100 nmethod 8359% 0x000001888909b010 code [0x000001888909b340, 0x000001888909c968]

GC Heap History (20 events):
Event: 7.578 GC heap after
{Heap after GC invocations=10 (full 0):
 garbage-first heap   total 81920K, used 43181K [0x00000000a2400000, 0x0000000100000000)
  region size 1024K, 2 young (2048K), 2 survivors (2048K)
 Metaspace       used 26803K, committed 27136K, reserved 1114112K
  class space    used 3050K, committed 3200K, reserved 1048576K
}
Event: 7.876 GC heap before
{Heap before GC invocations=11 (full 0):
 garbage-first heap   total 81920K, used 58541K [0x00000000a2400000, 0x0000000100000000)
  region size 1024K, 16 young (16384K), 2 survivors (2048K)
 Metaspace       used 27543K, committed 27904K, reserved 1114112K
  class space    used 3110K, committed 3328K, reserved 1048576K
}
Event: 7.882 GC heap after
{Heap after GC invocations=12 (full 0):
 garbage-first heap   total 81920K, used 45838K [0x00000000a2400000, 0x0000000100000000)
  region size 1024K, 2 young (2048K), 2 survivors (2048K)
 Metaspace       used 27543K, committed 27904K, reserved 1114112K
  class space    used 3110K, committed 3328K, reserved 1048576K
}
Event: 8.191 GC heap before
{Heap before GC invocations=12 (full 0):
 garbage-first heap   total 81920K, used 59150K [0x00000000a2400000, 0x0000000100000000)
  region size 1024K, 16 young (16384K), 2 survivors (2048K)
 Metaspace       used 28131K, committed 28480K, reserved 1114112K
  class space    used 3187K, committed 3392K, reserved 1048576K
}
Event: 8.195 GC heap after
{Heap after GC invocations=13 (full 0):
 garbage-first heap   total 105472K, used 46511K [0x00000000a2400000, 0x0000000100000000)
  region size 1024K, 1 young (1024K), 1 survivors (1024K)
 Metaspace       used 28131K, committed 28480K, reserved 1114112K
  class space    used 3187K, committed 3392K, reserved 1048576K
}
Event: 8.631 GC heap before
{Heap before GC invocations=14 (full 0):
 garbage-first heap   total 105472K, used 73135K [0x00000000a2400000, 0x0000000100000000)
  region size 1024K, 27 young (27648K), 1 survivors (1024K)
 Metaspace       used 29277K, committed 29632K, reserved 1114112K
  class space    used 3312K, committed 3520K, reserved 1048576K
}
Event: 8.634 GC heap after
{Heap after GC invocations=15 (full 0):
 garbage-first heap   total 105472K, used 46933K [0x00000000a2400000, 0x0000000100000000)
  region size 1024K, 1 young (1024K), 1 survivors (1024K)
 Metaspace       used 29277K, committed 29632K, reserved 1114112K
  class space    used 3312K, committed 3520K, reserved 1048576K
}
Event: 8.784 GC heap before
{Heap before GC invocations=15 (full 0):
 garbage-first heap   total 105472K, used 75605K [0x00000000a2400000, 0x0000000100000000)
  region size 1024K, 29 young (29696K), 1 survivors (1024K)
 Metaspace       used 29639K, committed 30016K, reserved 1114112K
  class space    used 3334K, committed 3520K, reserved 1048576K
}
Event: 8.792 GC heap after
{Heap after GC invocations=16 (full 0):
 garbage-first heap   total 105472K, used 47737K [0x00000000a2400000, 0x0000000100000000)
  region size 1024K, 2 young (2048K), 2 survivors (2048K)
 Metaspace       used 29639K, committed 30016K, reserved 1114112K
  class space    used 3334K, committed 3520K, reserved 1048576K
}
Event: 8.998 GC heap before
{Heap before GC invocations=16 (full 0):
 garbage-first heap   total 105472K, used 77433K [0x00000000a2400000, 0x0000000100000000)
  region size 1024K, 31 young (31744K), 2 survivors (2048K)
 Metaspace       used 30276K, committed 30656K, reserved 1114112K
  class space    used 3397K, committed 3584K, reserved 1048576K
}
Event: 9.005 GC heap after
{Heap after GC invocations=17 (full 0):
 garbage-first heap   total 105472K, used 47906K [0x00000000a2400000, 0x0000000100000000)
  region size 1024K, 2 young (2048K), 2 survivors (2048K)
 Metaspace       used 30276K, committed 30656K, reserved 1114112K
  class space    used 3397K, committed 3584K, reserved 1048576K
}
Event: 9.499 GC heap before
{Heap before GC invocations=17 (full 0):
 garbage-first heap   total 105472K, used 59170K [0x00000000a2400000, 0x0000000100000000)
  region size 1024K, 14 young (14336K), 2 survivors (2048K)
 Metaspace       used 31300K, committed 31680K, reserved 1114112K
  class space    used 3525K, committed 3712K, reserved 1048576K
}
Event: 9.505 GC heap after
{Heap after GC invocations=18 (full 0):
 garbage-first heap   total 105472K, used 49219K [0x00000000a2400000, 0x0000000100000000)
  region size 1024K, 4 young (4096K), 4 survivors (4096K)
 Metaspace       used 31300K, committed 31680K, reserved 1114112K
  class space    used 3525K, committed 3712K, reserved 1048576K
}
Event: 19.173 GC heap before
{Heap before GC invocations=18 (full 0):
 garbage-first heap   total 105472K, used 68675K [0x00000000a2400000, 0x0000000100000000)
  region size 1024K, 22 young (22528K), 4 survivors (4096K)
 Metaspace       used 31808K, committed 32256K, reserved 1114112K
  class space    used 3561K, committed 3776K, reserved 1048576K
}
Event: 19.184 GC heap after
{Heap after GC invocations=19 (full 0):
 garbage-first heap   total 105472K, used 50381K [0x00000000a2400000, 0x0000000100000000)
  region size 1024K, 4 young (4096K), 4 survivors (4096K)
 Metaspace       used 31808K, committed 32256K, reserved 1114112K
  class space    used 3561K, committed 3776K, reserved 1048576K
}
Event: 19.224 GC heap before
{Heap before GC invocations=19 (full 0):
 garbage-first heap   total 105472K, used 57549K [0x00000000a2400000, 0x0000000100000000)
  region size 1024K, 10 young (10240K), 4 survivors (4096K)
 Metaspace       used 31813K, committed 32256K, reserved 1114112K
  class space    used 3561K, committed 3776K, reserved 1048576K
}
Event: 19.231 GC heap after
{Heap after GC invocations=20 (full 0):
 garbage-first heap   total 105472K, used 56249K [0x00000000a2400000, 0x0000000100000000)
  region size 1024K, 5 young (5120K), 5 survivors (5120K)
 Metaspace       used 31813K, committed 32256K, reserved 1114112K
  class space    used 3561K, committed 3776K, reserved 1048576K
}
Event: 19.476 GC heap before
{Heap before GC invocations=21 (full 0):
 garbage-first heap   total 105472K, used 72934K [0x00000000a2400000, 0x0000000100000000)
  region size 1024K, 21 young (21504K), 5 survivors (5120K)
 Metaspace       used 31869K, committed 32256K, reserved 1114112K
  class space    used 3562K, committed 3776K, reserved 1048576K
}
Event: 19.489 GC heap after
{Heap after GC invocations=22 (full 0):
 garbage-first heap   total 105472K, used 65232K [0x00000000a2400000, 0x0000000100000000)
  region size 1024K, 3 young (3072K), 3 survivors (3072K)
 Metaspace       used 31869K, committed 32256K, reserved 1114112K
  class space    used 3562K, committed 3776K, reserved 1048576K
}
Event: 19.492 GC heap before
{Heap before GC invocations=22 (full 0):
 garbage-first heap   total 105472K, used 67280K [0x00000000a2400000, 0x0000000100000000)
  region size 1024K, 5 young (5120K), 3 survivors (3072K)
 Metaspace       used 31869K, committed 32256K, reserved 1114112K
  class space    used 3562K, committed 3776K, reserved 1048576K
}

Deoptimization events (20 events):
Event: 19.198 Thread 0x0000018880831180 DEOPT PACKING pc=0x000001888fc5b258 sp=0x0000002e7fdfcc40
Event: 19.198 Thread 0x0000018880831180 DEOPT UNPACKING pc=0x000001888f6523a3 sp=0x0000002e7fdfcc10 mode 2
Event: 19.198 Thread 0x0000018880831180 Uncommon trap: trap_request=0xffffffde fr.pc=0x000001888fc5b258 relative=0x0000000000002318
Event: 19.198 Thread 0x0000018880831180 Uncommon trap: reason=class_check action=maybe_recompile pc=0x000001888fc5b258 method=com.sun.tools.javac.code.Symtab.lookupPackage(Lcom/sun/tools/javac/code/Symbol$ModuleSymbol;Lcom/sun/tools/javac/util/Name;Z)Lcom/sun/tools/javac/code/Symbol$PackageSymb
Event: 19.198 Thread 0x0000018880831180 DEOPT PACKING pc=0x000001888fc5b258 sp=0x0000002e7fdfcc40
Event: 19.198 Thread 0x0000018880831180 DEOPT UNPACKING pc=0x000001888f6523a3 sp=0x0000002e7fdfcc10 mode 2
Event: 19.207 Thread 0x0000018880831180 Uncommon trap: trap_request=0xffffff45 fr.pc=0x000001888fdf3bac relative=0x000000000000026c
Event: 19.207 Thread 0x0000018880831180 Uncommon trap: reason=unstable_if action=reinterpret pc=0x000001888fdf3bac method=java.io.WinNTFileSystem.prefixLength(Ljava/lang/String;)I @ 25 c2
Event: 19.207 Thread 0x0000018880831180 DEOPT PACKING pc=0x000001888fdf3bac sp=0x0000002e7fdfd090
Event: 19.207 Thread 0x0000018880831180 DEOPT UNPACKING pc=0x000001888f6523a3 sp=0x0000002e7fdfd008 mode 2
Event: 19.208 Thread 0x0000018880831180 Uncommon trap: trap_request=0xffffffde fr.pc=0x000001888fbd2350 relative=0x0000000000000a10
Event: 19.208 Thread 0x0000018880831180 Uncommon trap: reason=class_check action=maybe_recompile pc=0x000001888fbd2350 method=jdk.internal.loader.URLClassPath.getLoader(I)Ljdk/internal/loader/URLClassPath$Loader; @ 88 c2
Event: 19.208 Thread 0x0000018880831180 DEOPT PACKING pc=0x000001888fbd2350 sp=0x0000002e7fdfce50
Event: 19.208 Thread 0x0000018880831180 DEOPT UNPACKING pc=0x000001888f6523a3 sp=0x0000002e7fdfce20 mode 2
Event: 19.220 Thread 0x0000018880831180 DEOPT PACKING pc=0x0000018888b356bc sp=0x0000002e7fdfc2b0
Event: 19.220 Thread 0x0000018880831180 DEOPT UNPACKING pc=0x000001888f652b43 sp=0x0000002e7fdfb830 mode 0
Event: 19.357 Thread 0x0000018880831180 Uncommon trap: trap_request=0xffffffde fr.pc=0x000001888fbd2350 relative=0x0000000000000a10
Event: 19.357 Thread 0x0000018880831180 Uncommon trap: reason=class_check action=maybe_recompile pc=0x000001888fbd2350 method=jdk.internal.loader.URLClassPath.getLoader(I)Ljdk/internal/loader/URLClassPath$Loader; @ 88 c2
Event: 19.357 Thread 0x0000018880831180 DEOPT PACKING pc=0x000001888fbd2350 sp=0x0000002e7fdfce50
Event: 19.357 Thread 0x0000018880831180 DEOPT UNPACKING pc=0x000001888f6523a3 sp=0x0000002e7fdfce20 mode 2

Classes unloaded (0 events):
No events

Classes redefined (0 events):
No events

Internal exceptions (20 events):
Event: 9.819 Thread 0x0000018880831180 Exception <a 'sun/nio/fs/WindowsException'{0x00000000a8260090}> (0x00000000a8260090) 
thrown [s\open\src\hotspot\share\prims\jni.cpp, line 516]
Event: 9.819 Thread 0x0000018880831180 Exception <a 'sun/nio/fs/WindowsException'{0x00000000a8260f00}> (0x00000000a8260f00) 
thrown [s\open\src\hotspot\share\prims\jni.cpp, line 516]
Event: 9.824 Thread 0x0000018880831180 Exception <a 'sun/nio/fs/WindowsException'{0x00000000a8289bf0}> (0x00000000a8289bf0) 
thrown [s\open\src\hotspot\share\prims\jni.cpp, line 516]
Event: 9.824 Thread 0x0000018880831180 Exception <a 'sun/nio/fs/WindowsException'{0x00000000a828a2c8}> (0x00000000a828a2c8) 
thrown [s\open\src\hotspot\share\prims\jni.cpp, line 516]
Event: 9.824 Thread 0x0000018880831180 Exception <a 'sun/nio/fs/WindowsException'{0x00000000a828b1c0}> (0x00000000a828b1c0) 
thrown [s\open\src\hotspot\share\prims\jni.cpp, line 516]
Event: 9.859 Thread 0x0000018880831180 Exception <a 'sun/nio/fs/WindowsException'{0x00000000a8178640}> (0x00000000a8178640) 
thrown [s\open\src\hotspot\share\prims\jni.cpp, line 516]
Event: 9.859 Thread 0x0000018880831180 Exception <a 'sun/nio/fs/WindowsException'{0x00000000a8178d10}> (0x00000000a8178d10) 
thrown [s\open\src\hotspot\share\prims\jni.cpp, line 516]
Event: 9.859 Thread 0x0000018880831180 Exception <a 'sun/nio/fs/WindowsException'{0x00000000a8179b88}> (0x00000000a8179b88) 
thrown [s\open\src\hotspot\share\prims\jni.cpp, line 516]
Event: 9.969 Thread 0x0000018880831180 Implicit null exception at 0x000001888fd1bfdb to 0x000001888fd1e608
Event: 19.170 Thread 0x0000018880831180 Exception <a 'sun/nio/fs/WindowsException'{0x00000000a755ec80}> (0x00000000a755ec80) 
thrown [s\open\src\hotspot\share\prims\jni.cpp, line 516]
Event: 19.196 Thread 0x0000018880831180 Exception <a 'sun/nio/fs/WindowsException'{0x00000000a87936e8}> (0x00000000a87936e8) 
thrown [s\open\src\hotspot\share\prims\jni.cpp, line 516]
Event: 19.196 Thread 0x0000018880831180 Exception <a 'sun/nio/fs/WindowsException'{0x00000000a8793a08}> (0x00000000a8793a08) 
thrown [s\open\src\hotspot\share\prims\jni.cpp, line 516]
Event: 19.197 Thread 0x0000018880831180 Implicit null exception at 0x000001888fe73e74 to 0x000001888fe7430c
Event: 19.200 Thread 0x0000018880831180 Exception <a 'sun/nio/fs/WindowsException'{0x00000000a87f5b48}> (0x00000000a87f5b48) 
thrown [s\open\src\hotspot\share\prims\jni.cpp, line 516]
Event: 19.200 Thread 0x0000018880831180 Exception <a 'sun/nio/fs/WindowsException'{0x00000000a87f5d78}> (0x00000000a87f5d78) 
thrown [s\open\src\hotspot\share\prims\jni.cpp, line 516]
Event: 19.360 Thread 0x0000018880831180 Exception <a 'sun/nio/fs/WindowsException'{0x00000000a8530000}> (0x00000000a8530000) 
thrown [s\open\src\hotspot\share\prims\jni.cpp, line 516]
Event: 19.360 Thread 0x0000018880831180 Exception <a 'sun/nio/fs/WindowsException'{0x00000000a8530340}> (0x00000000a8530340) 
thrown [s\open\src\hotspot\share\prims\jni.cpp, line 516]
Event: 19.362 Thread 0x0000018880831180 Exception <a 'sun/nio/fs/WindowsException'{0x00000000a8531f28}> (0x00000000a8531f28) 
thrown [s\open\src\hotspot\share\prims\jni.cpp, line 516]
Event: 19.362 Thread 0x0000018880831180 Exception <a 'sun/nio/fs/WindowsException'{0x00000000a8532850}> (0x00000000a8532850) 
thrown [s\open\src\hotspot\share\prims\jni.cpp, line 516]
Event: 19.362 Thread 0x0000018880831180 Exception <a 'sun/nio/fs/WindowsException'{0x00000000a8533078}> (0x00000000a8533078) 
thrown [s\open\src\hotspot\share\prims\jni.cpp, line 516]

VM Operations (20 events):
Event: 10.979 Executing VM operation: Cleanup done
Event: 12.994 Executing VM operation: Cleanup
Event: 12.994 Executing VM operation: Cleanup done
Event: 15.003 Executing VM operation: Cleanup
Event: 15.003 Executing VM operation: Cleanup done
Event: 18.025 Executing VM operation: Cleanup
Event: 18.025 Executing VM operation: Cleanup done
Event: 19.173 Executing VM operation: G1TryInitiateConcMark
Event: 19.184 Executing VM operation: G1TryInitiateConcMark done
Event: 19.224 Executing VM operation: G1TryInitiateConcMark
Event: 19.231 Executing VM operation: G1TryInitiateConcMark done
Event: 19.258 Executing VM operation: G1Concurrent
Event: 19.272 Executing VM operation: G1Concurrent done
Event: 19.280 Executing VM operation: G1Concurrent
Event: 19.280 Executing VM operation: G1Concurrent done
Event: 19.306 Executing VM operation: HandshakeAllThreads
Event: 19.306 Executing VM operation: HandshakeAllThreads done
Event: 19.476 Executing VM operation: G1CollectForAllocation
Event: 19.489 Executing VM operation: G1CollectForAllocation done
Event: 19.492 Executing VM operation: G1CollectForAllocation

Events (20 events):
Event: 19.320 Thread 0x000001889da0ba20 flushing nmethod 0x0000018888cb6b90
Event: 19.320 Thread 0x000001889da0ba20 flushing nmethod 0x0000018888cb7a10
Event: 19.320 Thread 0x000001889da0ba20 flushing nmethod 0x0000018888cb7f90
Event: 19.320 Thread 0x000001889da0ba20 flushing nmethod 0x0000018888cb8a90
Event: 19.320 Thread 0x000001889da0ba20 flushing nmethod 0x0000018888cba790
Event: 19.320 Thread 0x000001889da0ba20 flushing nmethod 0x0000018888cbaf90
Event: 19.320 Thread 0x000001889da0ba20 flushing nmethod 0x0000018888cbcd10
Event: 19.320 Thread 0x000001889da0ba20 flushing nmethod 0x0000018888cc2a90
Event: 19.320 Thread 0x000001889da0ba20 flushing nmethod 0x0000018888cc5c90
Event: 19.320 Thread 0x000001889da0ba20 flushing nmethod 0x0000018888cc7010
Event: 19.320 Thread 0x000001889da0ba20 flushing nmethod 0x0000018888ccab10
Event: 19.321 Thread 0x000001889da0ba20 flushing nmethod 0x0000018888ce6010
Event: 19.321 Thread 0x000001889da0ba20 flushing nmethod 0x0000018888ce7610
Event: 19.321 Thread 0x000001889da0ba20 flushing nmethod 0x0000018888ceff10
Event: 19.321 Thread 0x000001889da0ba20 flushing nmethod 0x0000018888cf0f90
Event: 19.321 Thread 0x000001889da0ba20 flushing nmethod 0x0000018888cf7210
Event: 19.321 Thread 0x000001889da0ba20 flushing nmethod 0x0000018888cfda10
Event: 19.321 Thread 0x000001889da0ba20 flushing nmethod 0x0000018888d10210
Event: 19.321 Thread 0x000001889da0ba20 flushing nmethod 0x0000018888d11a10
Event: 19.321 Thread 0x000001889da0ba20 flushing nmethod 0x0000018888d12d90


Dynamic libraries:
0x00007ff637ad0000 - 0x00007ff637ae0000 	C:\Program Files\Java\jdk-17\bin\java.exe
0x00007ffda2a10000 - 0x00007ffda2c26000 	C:\Windows\SYSTEM32\ntdll.dll
0x00007ffda1770000 - 0x00007ffda1834000 	C:\Windows\System32\KERNEL32.DLL
0x00007ffd9ff40000 - 0x00007ffda02e7000 	C:\Windows\System32\KERNELBASE.dll
0x00007ffd9fe20000 - 0x00007ffd9ff31000 	C:\Windows\System32\ucrtbase.dll
0x00007ffd0a910000 - 0x00007ffd0a92b000 	C:\Program Files\Java\jdk-17\bin\VCRUNTIME140.dll
0x00007ffd39850000 - 0x00007ffd39869000 	C:\Program Files\Java\jdk-17\bin\jli.dll
0x00007ffda0c40000 - 0x00007ffda0cf2000 	C:\Windows\System32\ADVAPI32.dll
0x00007ffda0fb0000 - 0x00007ffda1057000 	C:\Windows\System32\msvcrt.dll
0x00007ffda0d00000 - 0x00007ffda0da8000 	C:\Windows\System32\sechost.dll
0x00007ffd9fd30000 - 0x00007ffd9fd58000 	C:\Windows\System32\bcrypt.dll
0x00007ffda0b20000 - 0x00007ffda0c35000 	C:\Windows\System32\RPCRT4.dll
0x00007ffda2620000 - 0x00007ffda27ce000 	C:\Windows\System32\USER32.dll
0x00007ffda0710000 - 0x00007ffda0736000 	C:\Windows\System32\win32u.dll
0x00007ffd9ef30000 - 0x00007ffd9f1c3000 	C:\Windows\WinSxS\amd64_microsoft.windows.common-controls_6595b64144ccf1df_6.0.22621.3235_none_270f74e173860f98\COMCTL32.dll
0x00007ffda1840000 - 0x00007ffda1869000 	C:\Windows\System32\GDI32.dll
0x00007ffda0550000 - 0x00007ffda0669000 	C:\Windows\System32\gdi32full.dll
0x00007ffda0670000 - 0x00007ffda070a000 	C:\Windows\System32\msvcp_win.dll
0x00007ffd97030000 - 0x00007ffd9703a000 	C:\Windows\SYSTEM32\VERSION.dll
0x00007ffda2990000 - 0x00007ffda29c1000 	C:\Windows\System32\IMM32.DLL
0x00007ffd31a00000 - 0x00007ffd31a0c000 	C:\Program Files\Java\jdk-17\bin\vcruntime140_1.dll
0x00007ffce6a40000 - 0x00007ffce6ace000 	C:\Program Files\Java\jdk-17\bin\msvcp140.dll
0x00007ffce0a90000 - 0x00007ffce166e000 	C:\Program Files\Java\jdk-17\bin\server\jvm.dll
0x00007ffda1d30000 - 0x00007ffda1d38000 	C:\Windows\System32\PSAPI.DLL
0x00007ffd983e0000 - 0x00007ffd98414000 	C:\Windows\SYSTEM32\WINMM.dll
0x00007ffd3a990000 - 0x00007ffd3a999000 	C:\Windows\SYSTEM32\WSOCK32.dll
0x00007ffda11c0000 - 0x00007ffda1231000 	C:\Windows\System32\WS2_32.dll
0x00007ffd9df90000 - 0x00007ffd9dfa8000 	C:\Windows\SYSTEM32\kernel.appcore.dll
0x00007ffd2c4d0000 - 0x00007ffd2c4da000 	C:\Program Files\Java\jdk-17\bin\jimage.dll
0x00007ffd9f5c0000 - 0x00007ffd9f7f3000 	C:\Windows\SYSTEM32\DBGHELP.DLL
0x00007ffda0790000 - 0x00007ffda0b18000 	C:\Windows\System32\combase.dll
0x00007ffda10e0000 - 0x00007ffda11b7000 	C:\Windows\System32\OLEAUT32.dll
0x00007ffd9f4a0000 - 0x00007ffd9f4d2000 	C:\Windows\SYSTEM32\dbgcore.DLL
0x00007ffda02f0000 - 0x00007ffda0369000 	C:\Windows\System32\bcryptPrimitives.dll
0x00007ffd34030000 - 0x00007ffd3403e000 	C:\Program Files\Java\jdk-17\bin\instrument.dll
0x00007ffce4ee0000 - 0x00007ffce4f05000 	C:\Program Files\Java\jdk-17\bin\java.dll
0x00007ffce4dd0000 - 0x00007ffce4ea7000 	C:\Program Files\Java\jdk-17\bin\jsvml.dll
0x00007ffda1dc0000 - 0x00007ffda261c000 	C:\Windows\System32\SHELL32.dll
0x00007ffd9ceb0000 - 0x00007ffd9d7a9000 	C:\Windows\SYSTEM32\windows.storage.dll
0x00007ffd9cd70000 - 0x00007ffd9ceae000 	C:\Windows\SYSTEM32\wintypes.dll
0x00007ffda1ab0000 - 0x00007ffda1ba3000 	C:\Windows\System32\SHCORE.dll
0x00007ffda1d40000 - 0x00007ffda1d9e000 	C:\Windows\System32\shlwapi.dll
0x00007ffd9fc60000 - 0x00007ffd9fc81000 	C:\Windows\SYSTEM32\profapi.dll
0x00007ffceae80000 - 0x00007ffceae98000 	C:\Program Files\Java\jdk-17\bin\zip.dll
0x00007ffcecb90000 - 0x00007ffcecba9000 	C:\Program Files\Java\jdk-17\bin\net.dll
0x00007ffd990e0000 - 0x00007ffd99216000 	C:\Windows\SYSTEM32\WINHTTP.dll
0x00007ffd9e3c0000 - 0x00007ffd9e429000 	C:\Windows\system32\mswsock.dll
0x00007ffceb040000 - 0x00007ffceb056000 	C:\Program Files\Java\jdk-17\bin\nio.dll
0x00007ffd34010000 - 0x00007ffd3402a000 	C:\Program Files\JetBrains\IntelliJ IDEA Community Edition 2024.1.1\bin\breakgen64.dll
0x0000000069ac0000 - 0x0000000069ae4000 	C:\Users\adem khalfaoui\AppData\Local\Temp\jansi-2.4.0-c89d642f3d3e72fc-jansi.dll
0x00007ffd28250000 - 0x00007ffd28260000 	C:\Program Files\Java\jdk-17\bin\verify.dll

dbghelp: loaded successfully - version: 4.0.5 - missing functions: none
symbol engine: initialized successfully - sym options: 0x614 - pdb path: .;C:\Program Files\Java\jdk-17\bin;C:\Windows\SYSTEM32;C:\Windows\WinSxS\amd64_microsoft.windows.common-controls_6595b64144ccf1df_6.0.22621.3235_none_270f74e173860f98;C:\Program Files\Java\jdk-17\bin\server;C:\Program Files\JetBrains\IntelliJ IDEA Community Edition 2024.1.1\bin;C:\Users\adem khalfaoui\AppData\Local\Temp

VM Arguments:
jvm_args: -Dmaven.multiModuleProjectDirectory=C:\Users\adem khalfaoui\Documents\Zoom\GESTION_FORMATION -Djansi.passthrough=true -Dmaven.home=C:\Program Files\JetBrains\IntelliJ IDEA Community Edition 2024.1.1\plugins\maven\lib\maven3 -Dclassworlds.conf=C:\Program Files\JetBrains\IntelliJ IDEA Community Edition 2024.1.1\plugins\maven\lib\maven3\bin\m2.conf -Dmaven.ext.class.path=C:\Program Files\JetBrains\IntelliJ IDEA Community Edition 2024.1.1\plugins\maven\lib\maven-event-listener.jar -javaagent:C:\Program Files\JetBrains\IntelliJ IDEA Community Edition 2024.1.1\lib\idea_rt.jar=57241:C:\Program Files\JetBrains\IntelliJ IDEA Community Edition 2024.1.1\bin -Dfile.encoding=UTF-8 
java_command: org.codehaus.classworlds.Launcher -Didea.version=2024.1.1 clean install
java_class_path (initial): C:\Program Files\JetBrains\IntelliJ IDEA Community Edition 2024.1.1\plugins\maven\lib\maven3\boot\plexus-classworlds-2.7.0.jar;C:\Program Files\JetBrains\IntelliJ IDEA Community Edition 2024.1.1\plugins\maven\lib\maven3\boot\plexus-classworlds.license
Launcher Type: SUN_STANDARD

[Global flags]
     intx CICompilerCount                          = 4                                         {product} {ergonomic}
     uint ConcGCThreads                            = 3                                         {product} {ergonomic}
     uint G1ConcRefinementThreads                  = 10                                        {product} {ergonomic}
   size_t G1HeapRegionSize                         = 1048576                                   {product} {ergonomic}
    uintx GCDrainStackTargetSize                   = 64                                        {product} {ergonomic}
   size_t InitialHeapSize                          = 98566144                                  {product} {ergonomic}
   size_t MarkStackSize                            = 4194304                                   {product} {ergonomic}
   size_t MaxHeapSize                              = 1572864000                                {product} {ergonomic}
   size_t MaxNewSize                               = 943718400                                 {product} {ergonomic}
   size_t MinHeapDeltaBytes                        = 1048576                                   {product} {ergonomic}
   size_t MinHeapSize                              = 8388608                                   {product} {ergonomic}
    uintx NonNMethodCodeHeapSize                   = 5839372                                {pd product} {ergonomic}
    uintx NonProfiledCodeHeapSize                  = 122909434                              {pd product} {ergonomic}
    uintx ProfiledCodeHeapSize                     = 122909434                              {pd product} {ergonomic}
    uintx ReservedCodeCacheSize                    = 251658240                              {pd product} {ergonomic}
     bool SegmentedCodeCache                       = true                                      {product} {ergonomic}
   size_t SoftMaxHeapSize                          = 1572864000                             {manageable} {ergonomic}
     bool UseCompressedClassPointers               = true                           {product lp64_product} {ergonomic}
     bool UseCompressedOops                        = true                           {product lp64_product} {ergonomic}
     bool UseG1GC                                  = true                                      {product} {ergonomic}
     bool UseLargePagesIndividualAllocation        = false                                  {pd product} {ergonomic}

Logging:
Log output configuration:
 #0: stdout all=warning uptime,level,tags
 #1: stderr all=off uptime,level,tags

Environment Variables:
PATH=C:\Program Files\Microsoft\jdk-11.0.16.101-hotspot\bin;C:\Program Files\Common Files\Oracle\Java\javapath;C:\Windows\system32;C:\Windows;C:\Windows\System32\Wbem;C:\Windows\System32\WindowsPowerShell\v1.0\;C:\Windows\System32\OpenSSH\;C:\Program Files (x86)\NVIDIA Corporation\PhysX\Common;C:\Program Files\NVIDIA Corporation\NVIDIA NvDLISR;C:\Program Files\Java\jdk-17\bin;C:\Program Files\Git\cmd;C:\Program Files (x86)\Windows Kits\10\Windows Performance Toolkit\;C:\apache-maven-3.9.5\bin;C:\Program Files (x86)\Certbot\bin;C:\Program Files\nodejs\;C:\Users\adem khalfaoui\AppData\Local\Microsoft\WindowsApps;C:\Users\adem khalfaoui\AppData\Local\Programs\Microsoft VS Code\bin;C:\flutter\bin;C:\Users\adem khalfaoui\AppData\Roaming\npm
USERNAME=adem khalfaoui
OS=Windows_NT
PROCESSOR_IDENTIFIER=AMD64 Family 25 Model 80 Stepping 0, AuthenticAMD



---------------  S Y S T E M  ---------------

OS:
 Windows 11 , 64 bit Build 22621 (10.0.22621.3374)
OS uptime: 0 days 20:49 hours

CPU: total 12 (initial active 12) (12 cores per cpu, 2 threads per core) family 25 model 80 stepping 0 microcode 0x0, cx8, cmov, fxsr, ht, mmx, 3dnowpref, sse, sse2, sse3, ssse3, sse4a, sse4.1, sse4.2, popcnt, lzcnt, tsc, tscinvbit, avx, avx2, aes, erms, clmul, bmi1, bmi2, adx, sha, fma, vzeroupper, clflush, clflushopt

Memory: 4k page, system-wide physical 5996M (294M free)
TotalPageFile size 24428M (AvailPageFile size 35M)
current process WorkingSet (physical memory assigned to process): 232M, peak: 249M
current process commit charge ("private bytes"): 280M, peak: 307M

vm_info: Java HotSpot(TM) 64-Bit Server VM (17.0.8+9-LTS-211) for windows-amd64 JRE (17.0.8+9-LTS-211), built on Jun 14 2023 10:34:31 by "mach5one" with MS VC++ 17.1 (VS2022)

END.
