#
# There is insufficient memory for the Java Runtime Environment to continue.
# Native memory allocation (malloc) failed to allocate 32744 bytes for ChunkPool::allocate
# Possible reasons:
#   The system is out of physical RAM or swap space
#   The process is running with CompressedOops enabled, and the Java Heap may be blocking the growth of the native heap
# Possible solutions:
#   Reduce memory load on the system
#   Increase physical memory or swap space
#   Check if swap backing store is full
#   Decrease Java heap size (-Xmx/-Xms)
#   Decrease number of Java threads
#   Decrease Java thread stack sizes (-Xss)
#   Set larger code cache with -XX:ReservedCodeCacheSize=
#   JVM is running with Unscaled Compressed Oops mode in which the Java heap is
#     placed in the first 4GB address space. The Java Heap base address is the
#     maximum limit for the native heap growth. Please use -XX:HeapBaseMinAddress
#     to set the Java Heap base and to place the Java Heap above 4GB virtual address.
# This output file may be truncated or incomplete.
#
#  Out of Memory Error (arena.cpp:78), pid=22840, tid=15636
#
# JRE version: Java(TM) SE Runtime Environment (17.0.8+9) (build 17.0.8+9-LTS-211)
# Java VM: Java HotSpot(TM) 64-Bit Server VM (17.0.8+9-LTS-211, mixed mode, sharing, tiered, compressed oops, compressed class ptrs, g1 gc, windows-amd64)
# No core dump will be written. Minidumps are not enabled by default on client versions of Windows
#

---------------  S U M M A R Y ------------

Command Line: -agentlib:jdwp=transport=dt_socket,address=127.0.0.1:57716,suspend=y,server=n -javaagent:C:\Users\ADEMKH~1\AppData\Local\Temp\captureAgentjars\debugger-agent.jar -Dfile.encoding=UTF-8 com.formation.GestionFormationApplication

Host: AMD Ryzen 5 5600H with Radeon Graphics         , 12 cores, 5G,  Windows 11 , 64 bit Build 22621 (10.0.22621.3374)
Time: Thu May  9 19:11:40 2024 Afr. centrale Ouest elapsed time: 14.096048 seconds (0d 0h 0m 14s)

---------------  T H R E A D  ---------------

Current thread (0x00000200fc4b1080):  JavaThread "C2 CompilerThread0" daemon [_thread_in_native, id=15636, stack(0x000000cc60700000,0x000000cc60800000)]


Current CompileTask:
C2:  14096 5675       4       org.springframework.core.annotation.AnnotationsScanner::process (55 bytes)

Stack: [0x000000cc60700000,0x000000cc60800000]
Native frames: (J=compiled Java code, j=interpreted, Vv=VM code, C=native code)
V  [jvm.dll+0x677d0a]
V  [jvm.dll+0x7d8c54]
V  [jvm.dll+0x7da3fe]
V  [jvm.dll+0x7daa63]
V  [jvm.dll+0x245c5f]
V  [jvm.dll+0xaacc0]
V  [jvm.dll+0xab00c]
V  [jvm.dll+0x6c5112]
V  [jvm.dll+0x1bb971]
V  [jvm.dll+0x218157]
V  [jvm.dll+0x217431]
V  [jvm.dll+0x1a3af0]
V  [jvm.dll+0x2270be]
V  [jvm.dll+0x22535b]
V  [jvm.dll+0x78e7bc]
V  [jvm.dll+0x788bba]
V  [jvm.dll+0x676b35]
C  [ucrtbase.dll+0x29333]
C  [KERNEL32.DLL+0x1257d]
C  [ntdll.dll+0x5aa48]


---------------  P R O C E S S  ---------------

Threads class SMR info:
_java_thread_list=0x00000200d8fd87f0, length=35, elements={
0x00000200fc497da0, 0x00000200fc498c10, 0x00000200fc4aa8a0, 0x00000200fc4ac460,
0x00000200fc4af530, 0x00000200fc4b02f0, 0x00000200fc4b1080, 0x00000200fc4bd030,
0x00000200fc4bfe40, 0x00000200fc47f1b0, 0x00000200fc7a7120, 0x00000200fc7fec40,
0x00000200fc7ff130, 0x00000200fc800c30, 0x00000200fc83ee30, 0x00000200d42653f0,
0x00000200fde0cea0, 0x00000200fdca54d0, 0x00000200fdca5e70, 0x00000200fdca6340,
0x00000200fdca6810, 0x00000200fdca37f0, 0x00000200fdca6ce0, 0x00000200d8f4ede0,
0x00000200d8f55c90, 0x00000200d8f53140, 0x00000200d8f53ae0, 0x00000200d8f4f2b0,
0x00000200d8f4e910, 0x00000200d8f50ac0, 0x00000200d8f527a0, 0x00000200d8f56160,
0x00000200d8f53610, 0x00000200d8f4f780, 0x00000200d8f522d0
}

Java Threads: ( => current thread )
  0x00000200fc497da0 JavaThread "Reference Handler" daemon [_thread_blocked, id=8736, stack(0x000000cc60100000,0x000000cc60200000)]
  0x00000200fc498c10 JavaThread "Finalizer" daemon [_thread_blocked, id=26396, stack(0x000000cc60200000,0x000000cc60300000)]
  0x00000200fc4aa8a0 JavaThread "Signal Dispatcher" daemon [_thread_blocked, id=7628, stack(0x000000cc60300000,0x000000cc60400000)]
  0x00000200fc4ac460 JavaThread "Attach Listener" daemon [_thread_blocked, id=7160, stack(0x000000cc60400000,0x000000cc60500000)]
  0x00000200fc4af530 JavaThread "Service Thread" daemon [_thread_blocked, id=13764, stack(0x000000cc60500000,0x000000cc60600000)]
  0x00000200fc4b02f0 JavaThread "Monitor Deflation Thread" daemon [_thread_blocked, id=28532, stack(0x000000cc60600000,0x000000cc60700000)]
=>0x00000200fc4b1080 JavaThread "C2 CompilerThread0" daemon [_thread_in_native, id=15636, stack(0x000000cc60700000,0x000000cc60800000)]
  0x00000200fc4bd030 JavaThread "C1 CompilerThread0" daemon [_thread_blocked, id=3428, stack(0x000000cc60800000,0x000000cc60900000)]
  0x00000200fc4bfe40 JavaThread "Sweeper thread" daemon [_thread_blocked, id=15916, stack(0x000000cc60900000,0x000000cc60a00000)]
  0x00000200fc47f1b0 JavaThread "Common-Cleaner" daemon [_thread_blocked, id=28012, stack(0x000000cc60a00000,0x000000cc60b00000)]
  0x00000200fc7a7120 JavaThread "JDWP Transport Listener: dt_socket" daemon [_thread_blocked, id=25236, stack(0x000000cc60b00000,0x000000cc60c00000)]
  0x00000200fc7fec40 JavaThread "JDWP Event Helper Thread" daemon [_thread_blocked, id=16544, stack(0x000000cc60c00000,0x000000cc60d00000)]
  0x00000200fc7ff130 JavaThread "JDWP Command Reader" daemon [_thread_in_native, id=6584, stack(0x000000cc60d00000,0x000000cc60e00000)]
  0x00000200fc800c30 JavaThread "Notification Thread" daemon [_thread_blocked, id=11252, stack(0x000000cc60e00000,0x000000cc60f00000)]
  0x00000200fc83ee30 JavaThread "C2 CompilerThread1" daemon [_thread_in_native, id=18684, stack(0x000000cc61000000,0x000000cc61100000)]
  0x00000200d42653f0 JavaThread "mysql-cj-abandoned-connection-cleanup" daemon [_thread_blocked, id=10128, stack(0x000000cc61e00000,0x000000cc61f00000)]
  0x00000200fde0cea0 JavaThread "HikariPool-1 housekeeper" daemon [_thread_blocked, id=23620, stack(0x000000cc62000000,0x000000cc62100000)]
  0x00000200fdca54d0 JavaThread "Catalina-utility-1" [_thread_blocked, id=6720, stack(0x000000cc62200000,0x000000cc62300000)]
  0x00000200fdca5e70 JavaThread "Catalina-utility-2" [_thread_blocked, id=22612, stack(0x000000cc62300000,0x000000cc62400000)]
  0x00000200fdca6340 JavaThread "container-0" [_thread_blocked, id=28804, stack(0x000000cc62400000,0x000000cc62500000)]
  0x00000200fdca6810 JavaThread "File Watcher" daemon [_thread_blocked, id=15012, stack(0x000000cc62500000,0x000000cc62600000)]
  0x00000200fdca37f0 JavaThread "Live Reload Server" daemon [_thread_in_native, id=26552, stack(0x000000cc62700000,0x000000cc62800000)]
  0x00000200fdca6ce0 JavaThread "http-nio-8080-exec-1" daemon [_thread_blocked, id=29368, stack(0x000000cc62600000,0x000000cc62700000)]
  0x00000200d8f4ede0 JavaThread "http-nio-8080-exec-2" daemon [_thread_blocked, id=23604, stack(0x000000cc62800000,0x000000cc62900000)]
  0x00000200d8f55c90 JavaThread "http-nio-8080-exec-3" daemon [_thread_blocked, id=27276, stack(0x000000cc62900000,0x000000cc62a00000)]
  0x00000200d8f53140 JavaThread "http-nio-8080-exec-4" daemon [_thread_blocked, id=23844, stack(0x000000cc62a00000,0x000000cc62b00000)]
  0x00000200d8f53ae0 JavaThread "http-nio-8080-exec-5" daemon [_thread_blocked, id=15684, stack(0x000000cc62b00000,0x000000cc62c00000)]
  0x00000200d8f4f2b0 JavaThread "http-nio-8080-exec-6" daemon [_thread_blocked, id=26364, stack(0x000000cc62c00000,0x000000cc62d00000)]
  0x00000200d8f4e910 JavaThread "http-nio-8080-exec-7" daemon [_thread_blocked, id=28608, stack(0x000000cc62d00000,0x000000cc62e00000)]
  0x00000200d8f50ac0 JavaThread "http-nio-8080-exec-8" daemon [_thread_blocked, id=7296, stack(0x000000cc62e00000,0x000000cc62f00000)]
  0x00000200d8f527a0 JavaThread "http-nio-8080-exec-9" daemon [_thread_blocked, id=4496, stack(0x000000cc62f00000,0x000000cc63000000)]
  0x00000200d8f56160 JavaThread "http-nio-8080-exec-10" daemon [_thread_blocked, id=4140, stack(0x000000cc63000000,0x000000cc63100000)]
  0x00000200d8f53610 JavaThread "http-nio-8080-Poller" daemon [_thread_in_native, id=23740, stack(0x000000cc63100000,0x000000cc63200000)]
  0x00000200d8f4f780 JavaThread "http-nio-8080-Acceptor" daemon [_thread_in_native, id=16788, stack(0x000000cc63200000,0x000000cc63300000)]
  0x00000200d8f522d0 JavaThread "DestroyJavaVM" [_thread_blocked, id=27996, stack(0x000000cc5fa00000,0x000000cc5fb00000)]

Other Threads:
  0x00000200fc48fd90 VMThread "VM Thread" [stack: 0x000000cc60000000,0x000000cc60100000] [id=3960]
  0x00000200ee354230 WatcherThread [stack: 0x000000cc60f00000,0x000000cc61000000] [id=25660]
  0x00000200ee342dc0 GCTaskThread "GC Thread#0" [stack: 0x000000cc5fb00000,0x000000cc5fc00000] [id=2144]
  0x00000200fd5b1d40 GCTaskThread "GC Thread#1" [stack: 0x000000cc61100000,0x000000cc61200000] [id=23540]
  0x00000200fd5deb50 GCTaskThread "GC Thread#2" [stack: 0x000000cc61200000,0x000000cc61300000] [id=3712]
  0x00000200fd54d2f0 GCTaskThread "GC Thread#3" [stack: 0x000000cc61300000,0x000000cc61400000] [id=20332]
  0x00000200fce342f0 GCTaskThread "GC Thread#4" [stack: 0x000000cc61400000,0x000000cc61500000] [id=1868]
  0x00000200fd670720 GCTaskThread "GC Thread#5" [stack: 0x000000cc61500000,0x000000cc61600000] [id=24628]
  0x00000200fd6711f0 GCTaskThread "GC Thread#6" [stack: 0x000000cc61600000,0x000000cc61700000] [id=23440]
  0x00000200fd6718b0 GCTaskThread "GC Thread#7" [stack: 0x000000cc61700000,0x000000cc61800000] [id=10528]
  0x00000200fd671b60 GCTaskThread "GC Thread#8" [stack: 0x000000cc61800000,0x000000cc61900000] [id=28616]
  0x00000200fd671e10 GCTaskThread "GC Thread#9" [stack: 0x000000cc61900000,0x000000cc61a00000] [id=23016]
  0x00000200ee34e9b0 ConcurrentGCThread "G1 Main Marker" [stack: 0x000000cc5fc00000,0x000000cc5fd00000] [id=17776]
  0x00000200ee34f3c0 ConcurrentGCThread "G1 Conc#0" [stack: 0x000000cc5fd00000,0x000000cc5fe00000] [id=16836]
  0x00000200fe6e5490 ConcurrentGCThread "G1 Conc#1" [stack: 0x000000cc61c00000,0x000000cc61d00000] [id=25204]
  0x00000200d434f030 ConcurrentGCThread "G1 Conc#2" [stack: 0x000000cc61d00000,0x000000cc61e00000] [id=27896]
  0x00000200ee3ae5f0 ConcurrentGCThread "G1 Refine#0" [stack: 0x000000cc5fe00000,0x000000cc5ff00000] [id=16476]
  0x00000200fc350600 ConcurrentGCThread "G1 Service" [stack: 0x000000cc5ff00000,0x000000cc60000000] [id=4176]

Threads with active compile tasks:
C2 CompilerThread0    14123 5675       4       org.springframework.core.annotation.AnnotationsScanner::process (55 bytes)
C2 CompilerThread1    14123 5674       4       org.springframework.core.annotation.AnnotationsScanner::scan (21 bytes)

VM state: not at safepoint (normal execution)

VM Mutex/Monitor currently owned by a thread: None

Heap address: 0x00000000a2400000, size: 1500 MB, Compressed Oops mode: 32-bit

CDS archive(s) mapped at: [0x000002008f000000-0x000002008fbd0000-0x000002008fbd0000), size 12386304, SharedBaseAddress: 0x000002008f000000, ArchiveRelocationMode: 1.
Compressed class space mapped at: 0x0000020090000000-0x00000200d0000000, reserved size: 1073741824
Narrow klass base: 0x000002008f000000, Narrow klass shift: 0, Narrow klass range: 0x100000000

GC Precious Log:
 CPUs: 12 total, 12 available
 Memory: 5996M
 Large Page Support: Disabled
 NUMA Support: Disabled
 Compressed Oops: Enabled (32-bit)
 Heap Region Size: 1M
 Heap Min Capacity: 8M
 Heap Initial Capacity: 94M
 Heap Max Capacity: 1500M
 Pre-touch: Disabled
 Parallel Workers: 10
 Concurrent Workers: 3
 Concurrent Refinement Workers: 10
 Periodic GC: Disabled

Heap:
 garbage-first heap   total 73728K, used 45615K [0x00000000a2400000, 0x0000000100000000)
  region size 1024K, 13 young (13312K), 3 survivors (3072K)
 Metaspace       used 69098K, committed 69632K, reserved 1114112K
  class space    used 9377K, committed 9600K, reserved 1048576K

Heap Regions: E=young(eden), S=young(survivor), O=old, HS=humongous(starts), HC=humongous(continues), CS=collection set, F=free, OA=open archive, CA=closed archive, TAMS=top-at-mark-start (previous, next)
|   0|0x00000000a2400000, 0x00000000a2500000, 0x00000000a2500000|100%|HS|  |TAMS 0x00000000a2500000, 0x00000000a2400000| Complete 
|   1|0x00000000a2500000, 0x00000000a2600000, 0x00000000a2600000|100%| O|  |TAMS 0x00000000a2600000, 0x00000000a2500000| Untracked 
|   2|0x00000000a2600000, 0x00000000a2700000, 0x00000000a2700000|100%| O|  |TAMS 0x00000000a2700000, 0x00000000a2600000| Untracked 
|   3|0x00000000a2700000, 0x00000000a2800000, 0x00000000a2800000|100%| O|  |TAMS 0x00000000a2800000, 0x00000000a2700000| Untracked 
|   4|0x00000000a2800000, 0x00000000a2900000, 0x00000000a2900000|100%| O|  |TAMS 0x00000000a2900000, 0x00000000a2800000| Untracked 
|   5|0x00000000a2900000, 0x00000000a2a00000, 0x00000000a2a00000|100%| O|  |TAMS 0x00000000a2a00000, 0x00000000a2900000| Untracked 
|   6|0x00000000a2a00000, 0x00000000a2b00000, 0x00000000a2b00000|100%| O|  |TAMS 0x00000000a2b00000, 0x00000000a2a00000| Untracked 
|   7|0x00000000a2b00000, 0x00000000a2c00000, 0x00000000a2c00000|100%| O|  |TAMS 0x00000000a2c00000, 0x00000000a2b00000| Untracked 
|   8|0x00000000a2c00000, 0x00000000a2d00000, 0x00000000a2d00000|100%| O|  |TAMS 0x00000000a2d00000, 0x00000000a2c00000| Untracked 
|   9|0x00000000a2d00000, 0x00000000a2e00000, 0x00000000a2e00000|100%| O|  |TAMS 0x00000000a2e00000, 0x00000000a2d00000| Untracked 
|  10|0x00000000a2e00000, 0x00000000a2f00000, 0x00000000a2f00000|100%| O|  |TAMS 0x00000000a2f00000, 0x00000000a2e00000| Untracked 
|  11|0x00000000a2f00000, 0x00000000a3000000, 0x00000000a3000000|100%| O|  |TAMS 0x00000000a3000000, 0x00000000a2f00000| Untracked 
|  12|0x00000000a3000000, 0x00000000a300c400, 0x00000000a3100000|  4%| O|  |TAMS 0x00000000a300c400, 0x00000000a3000000| Untracked 
|  13|0x00000000a3100000, 0x00000000a3200000, 0x00000000a3200000|100%| O|  |TAMS 0x00000000a3200000, 0x00000000a3100000| Untracked 
|  14|0x00000000a3200000, 0x00000000a3300000, 0x00000000a3300000|100%| O|  |TAMS 0x00000000a3300000, 0x00000000a3200000| Untracked 
|  15|0x00000000a3300000, 0x00000000a3400000, 0x00000000a3400000|100%| O|  |TAMS 0x00000000a3400000, 0x00000000a3300000| Untracked 
|  16|0x00000000a3400000, 0x00000000a3500000, 0x00000000a3500000|100%| O|  |TAMS 0x00000000a3500000, 0x00000000a3400000| Untracked 
|  17|0x00000000a3500000, 0x00000000a3600000, 0x00000000a3600000|100%| O|  |TAMS 0x00000000a3600000, 0x00000000a3500000| Untracked 
|  18|0x00000000a3600000, 0x00000000a3700000, 0x00000000a3700000|100%| O|  |TAMS 0x00000000a3700000, 0x00000000a3600000| Untracked 
|  19|0x00000000a3700000, 0x00000000a3800000, 0x00000000a3800000|100%| O|  |TAMS 0x00000000a3800000, 0x00000000a3700000| Untracked 
|  20|0x00000000a3800000, 0x00000000a3900000, 0x00000000a3900000|100%| O|  |TAMS 0x00000000a3900000, 0x00000000a3800000| Untracked 
|  21|0x00000000a3900000, 0x00000000a3a00000, 0x00000000a3a00000|100%| O|  |TAMS 0x00000000a3a00000, 0x00000000a3900000| Untracked 
|  22|0x00000000a3a00000, 0x00000000a3b00000, 0x00000000a3b00000|100%| O|  |TAMS 0x00000000a3b00000, 0x00000000a3a00000| Untracked 
|  23|0x00000000a3b00000, 0x00000000a3c00000, 0x00000000a3c00000|100%| O|  |TAMS 0x00000000a3c00000, 0x00000000a3b00000| Untracked 
|  24|0x00000000a3c00000, 0x00000000a3d00000, 0x00000000a3d00000|100%| O|  |TAMS 0x00000000a3d00000, 0x00000000a3c00000| Untracked 
|  25|0x00000000a3d00000, 0x00000000a3e00000, 0x00000000a3e00000|100%| O|  |TAMS 0x00000000a3e00000, 0x00000000a3d00000| Untracked 
|  26|0x00000000a3e00000, 0x00000000a3f00000, 0x00000000a3f00000|100%| O|  |TAMS 0x00000000a3f00000, 0x00000000a3e00000| Untracked 
|  27|0x00000000a3f00000, 0x00000000a4000000, 0x00000000a4000000|100%| O|  |TAMS 0x00000000a4000000, 0x00000000a3f00000| Untracked 
|  28|0x00000000a4000000, 0x00000000a4100000, 0x00000000a4100000|100%| O|  |TAMS 0x00000000a4100000, 0x00000000a4000000| Untracked 
|  29|0x00000000a4100000, 0x00000000a4200000, 0x00000000a4200000|100%| O|  |TAMS 0x00000000a4200000, 0x00000000a4100000| Untracked 
|  30|0x00000000a4200000, 0x00000000a4300000, 0x00000000a4300000|100%| O|  |TAMS 0x00000000a4300000, 0x00000000a4200000| Untracked 
|  31|0x00000000a4300000, 0x00000000a4400000, 0x00000000a4400000|100%| O|  |TAMS 0x00000000a4400000, 0x00000000a4300000| Untracked 
|  32|0x00000000a4400000, 0x00000000a4500000, 0x00000000a4500000|100%| O|  |TAMS 0x00000000a44ad800, 0x00000000a4400000| Untracked 
|  33|0x00000000a4500000, 0x00000000a45abc00, 0x00000000a4600000| 67%| O|  |TAMS 0x00000000a4500000, 0x00000000a4500000| Untracked 
|  34|0x00000000a4600000, 0x00000000a4600000, 0x00000000a4700000|  0%| F|  |TAMS 0x00000000a4600000, 0x00000000a4600000| Untracked 
|  35|0x00000000a4700000, 0x00000000a4700000, 0x00000000a4800000|  0%| F|  |TAMS 0x00000000a4700000, 0x00000000a4700000| Untracked 
|  36|0x00000000a4800000, 0x00000000a4800000, 0x00000000a4900000|  0%| F|  |TAMS 0x00000000a4800000, 0x00000000a4800000| Untracked 
|  37|0x00000000a4900000, 0x00000000a4900000, 0x00000000a4a00000|  0%| F|  |TAMS 0x00000000a4900000, 0x00000000a4900000| Untracked 
|  38|0x00000000a4a00000, 0x00000000a4a00000, 0x00000000a4b00000|  0%| F|  |TAMS 0x00000000a4a00000, 0x00000000a4a00000| Untracked 
|  39|0x00000000a4b00000, 0x00000000a4b00000, 0x00000000a4c00000|  0%| F|  |TAMS 0x00000000a4b00000, 0x00000000a4b00000| Untracked 
|  40|0x00000000a4c00000, 0x00000000a4cd3fc8, 0x00000000a4d00000| 82%| S|CS|TAMS 0x00000000a4c00000, 0x00000000a4c00000| Complete 
|  41|0x00000000a4d00000, 0x00000000a4e00000, 0x00000000a4e00000|100%| S|CS|TAMS 0x00000000a4d00000, 0x00000000a4d00000| Complete 
|  42|0x00000000a4e00000, 0x00000000a4f00000, 0x00000000a4f00000|100%| S|CS|TAMS 0x00000000a4e00000, 0x00000000a4e00000| Complete 
|  43|0x00000000a4f00000, 0x00000000a4f00000, 0x00000000a5000000|  0%| F|  |TAMS 0x00000000a4f00000, 0x00000000a4f00000| Untracked 
|  44|0x00000000a5000000, 0x00000000a5000000, 0x00000000a5100000|  0%| F|  |TAMS 0x00000000a5000000, 0x00000000a5000000| Untracked 
|  45|0x00000000a5100000, 0x00000000a5100000, 0x00000000a5200000|  0%| F|  |TAMS 0x00000000a5100000, 0x00000000a5100000| Untracked 
|  46|0x00000000a5200000, 0x00000000a5200000, 0x00000000a5300000|  0%| F|  |TAMS 0x00000000a5200000, 0x00000000a5200000| Untracked 
|  47|0x00000000a5300000, 0x00000000a5300000, 0x00000000a5400000|  0%| F|  |TAMS 0x00000000a5300000, 0x00000000a5300000| Untracked 
|  48|0x00000000a5400000, 0x00000000a5400000, 0x00000000a5500000|  0%| F|  |TAMS 0x00000000a5400000, 0x00000000a5400000| Untracked 
|  49|0x00000000a5500000, 0x00000000a5500000, 0x00000000a5600000|  0%| F|  |TAMS 0x00000000a5500000, 0x00000000a5500000| Untracked 
|  50|0x00000000a5600000, 0x00000000a5600000, 0x00000000a5700000|  0%| F|  |TAMS 0x00000000a5600000, 0x00000000a5600000| Untracked 
|  51|0x00000000a5700000, 0x00000000a5700000, 0x00000000a5800000|  0%| F|  |TAMS 0x00000000a5700000, 0x00000000a5700000| Untracked 
|  52|0x00000000a5800000, 0x00000000a5800000, 0x00000000a5900000|  0%| F|  |TAMS 0x00000000a5800000, 0x00000000a5800000| Untracked 
|  53|0x00000000a5900000, 0x00000000a5900000, 0x00000000a5a00000|  0%| F|  |TAMS 0x00000000a5900000, 0x00000000a5900000| Untracked 
|  54|0x00000000a5a00000, 0x00000000a5a00000, 0x00000000a5b00000|  0%| F|  |TAMS 0x00000000a5a00000, 0x00000000a5a00000| Untracked 
|  55|0x00000000a5b00000, 0x00000000a5b00000, 0x00000000a5c00000|  0%| F|  |TAMS 0x00000000a5b00000, 0x00000000a5b00000| Untracked 
|  56|0x00000000a5c00000, 0x00000000a5c00000, 0x00000000a5d00000|  0%| F|  |TAMS 0x00000000a5c00000, 0x00000000a5c00000| Untracked 
|  57|0x00000000a5d00000, 0x00000000a5d00000, 0x00000000a5e00000|  0%| F|  |TAMS 0x00000000a5d00000, 0x00000000a5d00000| Untracked 
|  58|0x00000000a5e00000, 0x00000000a5e00000, 0x00000000a5f00000|  0%| F|  |TAMS 0x00000000a5e00000, 0x00000000a5e00000| Untracked 
|  59|0x00000000a5f00000, 0x00000000a5f00000, 0x00000000a6000000|  0%| F|  |TAMS 0x00000000a5f00000, 0x00000000a5f00000| Untracked 
|  60|0x00000000a6000000, 0x00000000a6000000, 0x00000000a6100000|  0%| F|  |TAMS 0x00000000a6000000, 0x00000000a6000000| Untracked 
|  61|0x00000000a6100000, 0x00000000a6100000, 0x00000000a6200000|  0%| F|  |TAMS 0x00000000a6100000, 0x00000000a6100000| Untracked 
|  62|0x00000000a6200000, 0x00000000a62533c0, 0x00000000a6300000| 32%| E|  |TAMS 0x00000000a6200000, 0x00000000a6200000| Complete 
|  63|0x00000000a6300000, 0x00000000a6400000, 0x00000000a6400000|100%| E|CS|TAMS 0x00000000a6300000, 0x00000000a6300000| Complete 
|  64|0x00000000a6400000, 0x00000000a6500000, 0x00000000a6500000|100%| E|CS|TAMS 0x00000000a6400000, 0x00000000a6400000| Complete 
|  65|0x00000000a6500000, 0x00000000a6600000, 0x00000000a6600000|100%| E|CS|TAMS 0x00000000a6500000, 0x00000000a6500000| Complete 
|  66|0x00000000a6600000, 0x00000000a6700000, 0x00000000a6700000|100%| E|CS|TAMS 0x00000000a6600000, 0x00000000a6600000| Complete 
|  67|0x00000000a6700000, 0x00000000a6800000, 0x00000000a6800000|100%| E|CS|TAMS 0x00000000a6700000, 0x00000000a6700000| Complete 
|  68|0x00000000a6800000, 0x00000000a6900000, 0x00000000a6900000|100%| E|CS|TAMS 0x00000000a6800000, 0x00000000a6800000| Complete 
|  69|0x00000000a6900000, 0x00000000a6a00000, 0x00000000a6a00000|100%| E|CS|TAMS 0x00000000a6900000, 0x00000000a6900000| Complete 
|  70|0x00000000a6a00000, 0x00000000a6b00000, 0x00000000a6b00000|100%| E|CS|TAMS 0x00000000a6a00000, 0x00000000a6a00000| Complete 
|  93|0x00000000a8100000, 0x00000000a8200000, 0x00000000a8200000|100%| E|CS|TAMS 0x00000000a8100000, 0x00000000a8100000| Complete 

Card table byte_map: [0x00000200f63c0000,0x00000200f66b0000] _byte_map_base: 0x00000200f5eae000

Marking Bits (Prev, Next): (CMBitMap*) 0x00000200ee344420, (CMBitMap*) 0x00000200ee3443e0
 Prev Bits: [0x00000200f8110000, 0x00000200f9880000)
 Next Bits: [0x00000200f69a0000, 0x00000200f8110000)

Polling page: 0x00000200edab0000

Metaspace:

Usage:
  Non-class:     58.32 MB used.
      Class:      9.16 MB used.
       Both:     67.48 MB used.

Virtual space:
  Non-class space:       64.00 MB reserved,      58.62 MB ( 92%) committed,  1 nodes.
      Class space:        1.00 GB reserved,       9.38 MB ( <1%) committed,  1 nodes.
             Both:        1.06 GB reserved,      68.00 MB (  6%) committed. 

Chunk freelists:
   Non-Class:  5.17 MB
       Class:  6.64 MB
        Both:  11.81 MB

MaxMetaspaceSize: unlimited
CompressedClassSpaceSize: 1.00 GB
Initial GC threshold: 21.00 MB
Current GC threshold: 112.19 MB
CDS: on
MetaspaceReclaimPolicy: balanced
 - commit_granule_bytes: 65536.
 - commit_granule_words: 8192.
 - virtual_space_node_default_size: 8388608.
 - enlarge_chunks_in_place: 1.
 - new_chunks_are_fully_committed: 0.
 - uncommit_free_chunks: 1.
 - use_allocation_guard: 0.
 - handle_deallocations: 1.


Internal statistics:

num_allocs_failed_limit: 11.
num_arena_births: 764.
num_arena_deaths: 4.
num_vsnodes_births: 2.
num_vsnodes_deaths: 0.
num_space_committed: 1088.
num_space_uncommitted: 0.
num_chunks_returned_to_freelist: 17.
num_chunks_taken_from_freelist: 3311.
num_chunk_merges: 11.
num_chunk_splits: 2380.
num_chunks_enlarged: 1864.
num_purges: 2.
num_inconsistent_stats: 0.

CodeHeap 'non-profiled nmethods': size=120000Kb used=4214Kb max_used=4214Kb free=115786Kb
 bounds [0x0000020087ad0000, 0x0000020087f40000, 0x000002008f000000]
CodeHeap 'profiled nmethods': size=120000Kb used=11677Kb max_used=11862Kb free=108322Kb
 bounds [0x0000020080000000, 0x0000020080ba0000, 0x0000020087530000]
CodeHeap 'non-nmethods': size=5760Kb used=1406Kb max_used=1515Kb free=4354Kb
 bounds [0x0000020087530000, 0x00000200877a0000, 0x0000020087ad0000]
 total_blobs=6657 nmethods=5987 adapters=581
 compilation: enabled
              stopped_count=0, restarted_count=0
 full_count=0

Compilation events (20 events):
Event: 13.144 Thread 0x00000200fc4b1080 nmethod 6387 0x0000020087b07810 code [0x0000020087b07a60, 0x0000020087b094a0]
Event: 13.144 Thread 0x00000200fc4b1080 6704       4       sun.reflect.annotation.AnnotationInvocationHandler::invoke (178 bytes)
Event: 13.169 Thread 0x00000200fc4b1080 nmethod 6704 0x0000020087ba5b10 code [0x0000020087ba5d60, 0x0000020087ba6f00]
Event: 13.169 Thread 0x00000200fc4b1080 6574       4       org.springframework.aop.framework.autoproxy.AbstractAutoProxyCreator::predictBeanType (35 bytes)
Event: 13.188 Thread 0x00000200fc4b1080 nmethod 6574 0x0000020087b17a10 code [0x0000020087b17c00, 0x0000020087b18b58]
Event: 13.188 Thread 0x00000200fc4b1080 6845       4       java.util.TreeMap::successor (66 bytes)
Event: 13.189 Thread 0x00000200fc4b1080 nmethod 6845 0x0000020087ba5790 code [0x0000020087ba5900, 0x0000020087ba59d8]
Event: 13.189 Thread 0x00000200fc4b1080 6737       4       org.springframework.util.ReflectionUtils::findMethod (109 bytes)
Event: 13.391 Thread 0x00000200fc83ee30 nmethod 6713 0x0000020087f11210 code [0x0000020087f11b40, 0x0000020087f1be50]
Event: 13.391 Thread 0x00000200fc83ee30 5725       4       org.springframework.core.annotation.AnnotatedElementUtils::findAnnotations (11 bytes)
Event: 13.392 Thread 0x00000200fc83ee30 nmethod 5725 0x0000020087ba5490 code [0x0000020087ba5620, 0x0000020087ba56c8]
Event: 13.392 Thread 0x00000200fc83ee30 5676       4       org.springframework.core.annotation.AnnotatedElementUtils::hasAnnotation (38 bytes)
Event: 13.432 Thread 0x00000200fc83ee30 nmethod 5676 0x0000020087d70f10 code [0x0000020087d71200, 0x0000020087d72898]
Event: 13.432 Thread 0x00000200fc83ee30 5674       4       org.springframework.core.annotation.AnnotationsScanner::scan (21 bytes)
Event: 13.467 Thread 0x00000200fc4bd030 6849       2       java.io.File::isFile (34 bytes)
Event: 13.467 Thread 0x00000200fc4bd030 nmethod 6849 0x00000200800f5990 code [0x00000200800f5b60, 0x00000200800f5d48]
Event: 13.700 Thread 0x00000200fc4b1080 nmethod 6737 0x0000020087f23310 code [0x0000020087f23960, 0x0000020087f2b260]
Event: 13.700 Thread 0x00000200fc4b1080 5675       4       org.springframework.core.annotation.AnnotationsScanner::process (55 bytes)
Event: 13.872 Thread 0x00000200fc4bd030 6850       2       java.lang.Long::hashCode (8 bytes)
Event: 13.872 Thread 0x00000200fc4bd030 nmethod 6850 0x000002008008de90 code [0x000002008008e020, 0x000002008008e118]

GC Heap History (20 events):
Event: 10.489 GC heap before
{Heap before GC invocations=14 (full 0):
 garbage-first heap   total 58368K, used 46209K [0x00000000a2400000, 0x0000000100000000)
  region size 1024K, 22 young (22528K), 2 survivors (2048K)
 Metaspace       used 57102K, committed 57600K, reserved 1114112K
  class space    used 7643K, committed 7872K, reserved 1048576K
}
Event: 10.490 GC heap after
{Heap after GC invocations=15 (full 0):
 garbage-first heap   total 58368K, used 26370K [0x00000000a2400000, 0x0000000100000000)
  region size 1024K, 2 young (2048K), 2 survivors (2048K)
 Metaspace       used 57102K, committed 57600K, reserved 1114112K
  class space    used 7643K, committed 7872K, reserved 1048576K
}
Event: 10.765 GC heap before
{Heap before GC invocations=15 (full 0):
 garbage-first heap   total 58368K, used 40706K [0x00000000a2400000, 0x0000000100000000)
  region size 1024K, 18 young (18432K), 2 survivors (2048K)
 Metaspace       used 59699K, committed 60160K, reserved 1114112K
  class space    used 7932K, committed 8128K, reserved 1048576K
}
Event: 10.770 GC heap after
{Heap after GC invocations=16 (full 0):
 garbage-first heap   total 58368K, used 27508K [0x00000000a2400000, 0x0000000100000000)
  region size 1024K, 3 young (3072K), 3 survivors (3072K)
 Metaspace       used 59699K, committed 60160K, reserved 1114112K
  class space    used 7932K, committed 8128K, reserved 1048576K
}
Event: 11.003 GC heap before
{Heap before GC invocations=17 (full 0):
 garbage-first heap   total 58368K, used 45940K [0x00000000a2400000, 0x0000000100000000)
  region size 1024K, 21 young (21504K), 3 survivors (3072K)
 Metaspace       used 60867K, committed 61376K, reserved 1114112K
  class space    used 8190K, committed 8384K, reserved 1048576K
}
Event: 11.006 GC heap after
{Heap after GC invocations=18 (full 0):
 garbage-first heap   total 58368K, used 28229K [0x00000000a2400000, 0x0000000100000000)
  region size 1024K, 2 young (2048K), 2 survivors (2048K)
 Metaspace       used 60867K, committed 61376K, reserved 1114112K
  class space    used 8190K, committed 8384K, reserved 1048576K
}
Event: 11.170 GC heap before
{Heap before GC invocations=18 (full 0):
 garbage-first heap   total 58368K, used 46661K [0x00000000a2400000, 0x0000000100000000)
  region size 1024K, 20 young (20480K), 2 survivors (2048K)
 Metaspace       used 61508K, committed 62016K, reserved 1114112K
  class space    used 8268K, committed 8512K, reserved 1048576K
}
Event: 11.173 GC heap after
{Heap after GC invocations=19 (full 0):
 garbage-first heap   total 58368K, used 29057K [0x00000000a2400000, 0x0000000100000000)
  region size 1024K, 2 young (2048K), 2 survivors (2048K)
 Metaspace       used 61508K, committed 62016K, reserved 1114112K
  class space    used 8268K, committed 8512K, reserved 1048576K
}
Event: 11.353 GC heap before
{Heap before GC invocations=20 (full 0):
 garbage-first heap   total 58368K, used 47489K [0x00000000a2400000, 0x0000000100000000)
  region size 1024K, 20 young (20480K), 2 survivors (2048K)
 Metaspace       used 62043K, committed 62592K, reserved 1114112K
  class space    used 8342K, committed 8640K, reserved 1048576K
}
Event: 11.355 GC heap after
{Heap after GC invocations=21 (full 0):
 garbage-first heap   total 58368K, used 29598K [0x00000000a2400000, 0x0000000100000000)
  region size 1024K, 3 young (3072K), 3 survivors (3072K)
 Metaspace       used 62043K, committed 62592K, reserved 1114112K
  class space    used 8342K, committed 8640K, reserved 1048576K
}
Event: 11.603 GC heap before
{Heap before GC invocations=21 (full 0):
 garbage-first heap   total 58368K, used 47006K [0x00000000a2400000, 0x0000000100000000)
  region size 1024K, 20 young (20480K), 3 survivors (3072K)
 Metaspace       used 63440K, committed 64000K, reserved 1114112K
  class space    used 8549K, committed 8832K, reserved 1048576K
}
Event: 11.606 GC heap after
{Heap after GC invocations=22 (full 0):
 garbage-first heap   total 58368K, used 30986K [0x00000000a2400000, 0x0000000100000000)
  region size 1024K, 3 young (3072K), 3 survivors (3072K)
 Metaspace       used 63440K, committed 64000K, reserved 1114112K
  class space    used 8549K, committed 8832K, reserved 1048576K
}
Event: 11.905 GC heap before
{Heap before GC invocations=23 (full 0):
 garbage-first heap   total 58368K, used 47370K [0x00000000a2400000, 0x0000000100000000)
  region size 1024K, 19 young (19456K), 3 survivors (3072K)
 Metaspace       used 64866K, committed 65408K, reserved 1114112K
  class space    used 8795K, committed 9088K, reserved 1048576K
}
Event: 11.908 GC heap after
{Heap after GC invocations=24 (full 0):
 garbage-first heap   total 58368K, used 32440K [0x00000000a2400000, 0x0000000100000000)
  region size 1024K, 3 young (3072K), 3 survivors (3072K)
 Metaspace       used 64866K, committed 65408K, reserved 1114112K
  class space    used 8795K, committed 9088K, reserved 1048576K
}
Event: 12.232 GC heap before
{Heap before GC invocations=24 (full 0):
 garbage-first heap   total 58368K, used 46776K [0x00000000a2400000, 0x0000000100000000)
  region size 1024K, 17 young (17408K), 3 survivors (3072K)
 Metaspace       used 66260K, committed 66816K, reserved 1114112K
  class space    used 8985K, committed 9280K, reserved 1048576K
}
Event: 12.234 GC heap after
{Heap after GC invocations=25 (full 0):
 garbage-first heap   total 58368K, used 33605K [0x00000000a2400000, 0x0000000100000000)
  region size 1024K, 2 young (2048K), 2 survivors (2048K)
 Metaspace       used 66260K, committed 66816K, reserved 1114112K
  class space    used 8985K, committed 9280K, reserved 1048576K
}
Event: 12.507 GC heap before
{Heap before GC invocations=26 (full 0):
 garbage-first heap   total 61440K, used 46917K [0x00000000a2400000, 0x0000000100000000)
  region size 1024K, 15 young (15360K), 2 survivors (2048K)
 Metaspace       used 67429K, committed 67968K, reserved 1114112K
  class space    used 9150K, committed 9408K, reserved 1048576K
}
Event: 12.509 GC heap after
{Heap after GC invocations=27 (full 0):
 garbage-first heap   total 61440K, used 34535K [0x00000000a2400000, 0x0000000100000000)
  region size 1024K, 2 young (2048K), 2 survivors (2048K)
 Metaspace       used 67429K, committed 67968K, reserved 1114112K
  class space    used 9150K, committed 9408K, reserved 1048576K
}
Event: 12.753 GC heap before
{Heap before GC invocations=27 (full 0):
 garbage-first heap   total 61440K, used 49895K [0x00000000a2400000, 0x0000000100000000)
  region size 1024K, 17 young (17408K), 2 survivors (2048K)
 Metaspace       used 68311K, committed 68928K, reserved 1114112K
  class space    used 9265K, committed 9536K, reserved 1048576K
}
Event: 12.757 GC heap after
{Heap after GC invocations=28 (full 0):
 garbage-first heap   total 73728K, used 36399K [0x00000000a2400000, 0x0000000100000000)
  region size 1024K, 3 young (3072K), 3 survivors (3072K)
 Metaspace       used 68311K, committed 68928K, reserved 1114112K
  class space    used 9265K, committed 9536K, reserved 1048576K
}

Deoptimization events (20 events):
Event: 12.924 Thread 0x00000200fd67c900 DEOPT PACKING pc=0x000002008054939c sp=0x000000cc61bfe3f0
Event: 12.924 Thread 0x00000200fd67c900 DEOPT UNPACKING pc=0x0000020087582b43 sp=0x000000cc61bfd958 mode 1
Event: 12.924 Thread 0x00000200fd67c900 DEOPT PACKING pc=0x000002008054939c sp=0x000000cc61bfe380
Event: 12.924 Thread 0x00000200fd67c900 DEOPT UNPACKING pc=0x0000020087582b43 sp=0x000000cc61bfd8e8 mode 1
Event: 12.924 Thread 0x00000200fd67c900 DEOPT PACKING pc=0x000002008054939c sp=0x000000cc61bfe310
Event: 12.924 Thread 0x00000200fd67c900 DEOPT UNPACKING pc=0x0000020087582b43 sp=0x000000cc61bfd878 mode 1
Event: 12.925 Thread 0x00000200fd67c900 DEOPT PACKING pc=0x0000020080265773 sp=0x000000cc61bfcc10
Event: 12.925 Thread 0x00000200fd67c900 DEOPT UNPACKING pc=0x0000020087582b43 sp=0x000000cc61bfc0b0 mode 0
Event: 12.931 Thread 0x00000200fd67c900 DEOPT PACKING pc=0x00000200806211a1 sp=0x000000cc61bfd2b0
Event: 12.931 Thread 0x00000200fd67c900 DEOPT UNPACKING pc=0x0000020087582b43 sp=0x000000cc61bfc788 mode 1
Event: 12.931 Thread 0x00000200fd67c900 DEOPT PACKING pc=0x000002008061fb4c sp=0x000000cc61bfd340
Event: 12.931 Thread 0x00000200fd67c900 DEOPT UNPACKING pc=0x0000020087582b43 sp=0x000000cc61bfc8e0 mode 1
Event: 12.931 Thread 0x00000200fd67c900 DEOPT PACKING pc=0x000002008061c69c sp=0x000000cc61bfd4a0
Event: 12.931 Thread 0x00000200fd67c900 DEOPT UNPACKING pc=0x0000020087582b43 sp=0x000000cc61bfca60 mode 1
Event: 12.931 Thread 0x00000200fd67c900 DEOPT PACKING pc=0x00000200806211a1 sp=0x000000cc61bfd250
Event: 12.931 Thread 0x00000200fd67c900 DEOPT UNPACKING pc=0x0000020087582b43 sp=0x000000cc61bfc728 mode 1
Event: 12.931 Thread 0x00000200fd67c900 DEOPT PACKING pc=0x000002008061fb4c sp=0x000000cc61bfd2e0
Event: 12.931 Thread 0x00000200fd67c900 DEOPT UNPACKING pc=0x0000020087582b43 sp=0x000000cc61bfc880 mode 1
Event: 12.931 Thread 0x00000200fd67c900 DEOPT PACKING pc=0x000002008061c69c sp=0x000000cc61bfd440
Event: 12.931 Thread 0x00000200fd67c900 DEOPT UNPACKING pc=0x0000020087582b43 sp=0x000000cc61bfca00 mode 1

Classes unloaded (2 events):
Event: 12.253 Thread 0x00000200fc48fd90 Unloading class 0x0000020090864000 'jdk/internal/reflect/GeneratedSerializationConstructorAccessor2'
Event: 12.253 Thread 0x00000200fc48fd90 Unloading class 0x000002009083c000 'jdk/internal/reflect/GeneratedSerializationConstructorAccessor1'

Classes redefined (0 events):
No events

Internal exceptions (20 events):
Event: 11.044 Thread 0x00000200fd67c900 Exception <a 'java/lang/NoSuchMethodError'{0x00000000a5d7fa98}: 'long java.lang.invoke.DirectMethodHandle$Holder.invokeVirtual(java.lang.Object, java.lang.Object)'> (0x00000000a5d7fa98) 
thrown [s\open\src\hotspot\share\interpreter\linkResolver.cpp, line 759]
Event: 11.052 Thread 0x00000200fd67c900 Exception <a 'java/io/FileNotFoundException'{0x00000000a5db58b0}> (0x00000000a5db58b0) 
thrown [s\open\src\hotspot\share\prims\jni.cpp, line 516]
Event: 11.320 Thread 0x00000200fd67c900 Exception <a 'sun/nio/fs/WindowsException'{0x00000000a4cbb2e8}> (0x00000000a4cbb2e8) 
thrown [s\open\src\hotspot\share\prims\jni.cpp, line 516]
Event: 11.416 Thread 0x00000200fd67c900 Exception <a 'java/lang/IncompatibleClassChangeError'{0x00000000a5b7e238}: Found class java.lang.Object, but interface was expected> (0x00000000a5b7e238) 
thrown [s\open\src\hotspot\share\interpreter\linkResolver.cpp, line 826]
Event: 11.445 Thread 0x00000200fd67c900 Exception <a 'sun/nio/fs/WindowsException'{0x00000000a58e9550}> (0x00000000a58e9550) 
thrown [s\open\src\hotspot\share\prims\jni.cpp, line 516]
Event: 11.706 Thread 0x00000200fd67c900 Exception <a 'sun/nio/fs/WindowsException'{0x00000000a575f110}> (0x00000000a575f110) 
thrown [s\open\src\hotspot\share\prims\jni.cpp, line 516]
Event: 11.716 Thread 0x00000200fd67c900 Exception <a 'java/lang/IncompatibleClassChangeError'{0x00000000a57f0218}: Found class java.lang.Object, but interface was expected> (0x00000000a57f0218) 
thrown [s\open\src\hotspot\share\interpreter\linkResolver.cpp, line 826]
Event: 11.734 Thread 0x00000200fd67c900 Exception <a 'sun/nio/fs/WindowsException'{0x00000000a55350c8}> (0x00000000a55350c8) 
thrown [s\open\src\hotspot\share\prims\jni.cpp, line 516]
Event: 11.753 Thread 0x00000200fd67c900 Exception <a 'java/lang/NoSuchMethodError'{0x00000000a5465698}: 'java.lang.Object java.lang.invoke.DirectMethodHandle$Holder.invokeVirtual(java.lang.Object, java.lang.Object, int)'> (0x00000000a5465698) 
thrown [s\open\src\hotspot\share\interpreter\linkResolver.cpp, line 759]
Event: 11.823 Thread 0x00000200fd67c900 Implicit null exception at 0x0000020087c8f5a3 to 0x0000020087c8ff14
Event: 11.824 Thread 0x00000200fd67c900 Exception <a 'java/lang/reflect/InvocationTargetException'{0x00000000a5050d90}> (0x00000000a5050d90) 
thrown [s\open\src\hotspot\share\runtime\reflection.cpp, line 1121]
Event: 11.824 Thread 0x00000200fd67c900 Exception <a 'java/lang/reflect/InvocationTargetException'{0x00000000a5058bd8}> (0x00000000a5058bd8) 
thrown [s\open\src\hotspot\share\runtime\reflection.cpp, line 1121]
Event: 12.156 Thread 0x00000200fd67c900 Exception <a 'java/lang/IncompatibleClassChangeError'{0x00000000a53ca318}: Found class java.lang.Object, but interface was expected> (0x00000000a53ca318) 
thrown [s\open\src\hotspot\share\interpreter\linkResolver.cpp, line 826]
Event: 12.425 Thread 0x00000200fd67c900 Exception <a 'java/lang/NoSuchMethodError'{0x00000000a58f3948}: 'void java.lang.invoke.DirectMethodHandle$Holder.invokeVirtual(java.lang.Object, java.lang.Object, long)'> (0x00000000a58f3948) 
thrown [s\open\src\hotspot\share\interpreter\linkResolver.cpp, line 759]
Event: 12.570 Thread 0x00000200fd67c900 Exception <a 'java/lang/NoSuchMethodError'{0x00000000a5ec9d58}: 'int java.lang.invoke.DirectMethodHandle$Holder.invokeStaticInit(java.lang.Object, java.lang.Object, java.lang.Object, java.lang.Object)'> (0x00000000a5ec9d58) 
thrown [s\open\src\hotspot\share\interpreter\linkResolver.cpp, line 759]
Event: 12.605 Thread 0x00000200fd67c900 Exception <a 'java/lang/IncompatibleClassChangeError'{0x00000000a5cd3358}: Found class java.lang.Object, but interface was expected> (0x00000000a5cd3358) 
thrown [s\open\src\hotspot\share\interpreter\linkResolver.cpp, line 826]
Event: 12.882 Thread 0x00000200fd67c900 Exception <a 'java/lang/NoSuchMethodError'{0x00000000a6615600}: 'java.lang.Object java.lang.invoke.DirectMethodHandle$Holder.newInvokeSpecial(java.lang.Object, java.lang.Object, int, java.lang.Object, java.lang.Object)'> (0x00000000a6615600) 
thrown [s\open\src\hotspot\share\interpreter\linkResolver.cpp, line 759]
Event: 12.883 Thread 0x00000200fd67c900 Exception <a 'java/lang/NoSuchMethodError'{0x00000000a6620898}: 'java.lang.Object java.lang.invoke.DirectMethodHandle$Holder.invokeSpecial(java.lang.Object, java.lang.Object, int, java.lang.Object, int, java.lang.Object)'> (0x00000000a6620898) 
thrown [s\open\src\hotspot\share\interpreter\linkResolver.cpp, line 759]
Event: 12.884 Thread 0x00000200fd67c900 Exception <a 'java/lang/NoSuchMethodError'{0x00000000a66288b8}: 'java.lang.Object java.lang.invoke.DirectMethodHandle$Holder.newInvokeSpecial(java.lang.Object, java.lang.Object, int, java.lang.Object, int)'> (0x00000000a66288b8) 
thrown [s\open\src\hotspot\share\interpreter\linkResolver.cpp, line 759]
Event: 12.884 Thread 0x00000200fd67c900 Exception <a 'java/lang/NoSuchMethodError'{0x00000000a662c9b8}: 'java.lang.Object java.lang.invoke.DirectMethodHandle$Holder.invokeSpecial(java.lang.Object, java.lang.Object, java.lang.Object, int, java.lang.Object, int)'> (0x00000000a662c9b8) 
thrown [s\open\src\hotspot\share\interpreter\linkResolver.cpp, line 759]

VM Operations (20 events):
Event: 12.252 Executing VM operation: G1Concurrent
Event: 12.258 Executing VM operation: G1Concurrent done
Event: 12.270 Executing VM operation: G1Concurrent
Event: 12.278 Executing VM operation: G1Concurrent done
Event: 12.450 Executing VM operation: HandshakeAllThreads
Event: 12.450 Executing VM operation: HandshakeAllThreads done
Event: 12.507 Executing VM operation: G1CollectForAllocation
Event: 12.509 Executing VM operation: G1CollectForAllocation done
Event: 12.753 Executing VM operation: G1CollectForAllocation
Event: 12.757 Executing VM operation: G1CollectForAllocation done
Event: 12.777 Executing VM operation: G1Concurrent
Event: 12.780 Executing VM operation: G1Concurrent done
Event: 12.790 Executing VM operation: G1Concurrent
Event: 12.790 Executing VM operation: G1Concurrent done
Event: 12.796 Executing VM operation: HandshakeAllThreads
Event: 12.797 Executing VM operation: HandshakeAllThreads done
Event: 12.878 Executing VM operation: HandshakeAllThreads
Event: 12.878 Executing VM operation: HandshakeAllThreads done
Event: 13.887 Executing VM operation: Cleanup
Event: 13.887 Executing VM operation: Cleanup done

Events (20 events):
Event: 12.935 loading class com/sun/beans/introspect/ClassInfo$1
Event: 12.935 loading class com/sun/beans/util/Cache
Event: 12.935 loading class com/sun/beans/util/Cache done
Event: 12.935 loading class com/sun/beans/introspect/ClassInfo$1 done
Event: 12.935 loading class com/sun/beans/util/Cache$Kind
Event: 12.935 loading class com/sun/beans/util/Cache$Kind done
Event: 12.935 loading class com/sun/beans/util/Cache$Kind$1
Event: 12.935 loading class com/sun/beans/util/Cache$Kind$1 done
Event: 12.936 loading class com/sun/beans/util/Cache$Kind$2
Event: 12.936 loading class com/sun/beans/util/Cache$Kind$2 done
Event: 12.936 loading class com/sun/beans/util/Cache$Kind$3
Event: 12.936 loading class com/sun/beans/util/Cache$Kind$3 done
Event: 12.936 loading class com/sun/beans/util/Cache$CacheEntry
Event: 12.936 loading class com/sun/beans/util/Cache$CacheEntry done
Event: 12.936 loading class org/springframework/boot/devtools/restart/Restarter
Event: 12.936 loading class org/springframework/boot/devtools/restart/Restarter done
Event: 12.937 Thread 0x00000200fd5d56e0 Thread exited: 0x00000200fd5d56e0
Event: 12.937 Thread 0x00000200ee2f89d0 Thread exited: 0x00000200ee2f89d0
Event: 12.938 Thread 0x00000200d8f522d0 Thread added: 0x00000200d8f522d0
Event: 14.057 Thread 0x00000200fdca59a0 Thread exited: 0x00000200fdca59a0


Dynamic libraries:
0x00007ff637ad0000 - 0x00007ff637ae0000 	C:\Program Files\Java\jdk-17\bin\java.exe
0x00007ffda2a10000 - 0x00007ffda2c26000 	C:\Windows\SYSTEM32\ntdll.dll
0x00007ffda1770000 - 0x00007ffda1834000 	C:\Windows\System32\KERNEL32.DLL
0x00007ffd9ff40000 - 0x00007ffda02e7000 	C:\Windows\System32\KERNELBASE.dll
0x00007ffd9fe20000 - 0x00007ffd9ff31000 	C:\Windows\System32\ucrtbase.dll
0x00007ffd39850000 - 0x00007ffd39869000 	C:\Program Files\Java\jdk-17\bin\jli.dll
0x00007ffd0a910000 - 0x00007ffd0a92b000 	C:\Program Files\Java\jdk-17\bin\VCRUNTIME140.dll
0x00007ffda0c40000 - 0x00007ffda0cf2000 	C:\Windows\System32\ADVAPI32.dll
0x00007ffda0fb0000 - 0x00007ffda1057000 	C:\Windows\System32\msvcrt.dll
0x00007ffda0d00000 - 0x00007ffda0da8000 	C:\Windows\System32\sechost.dll
0x00007ffd9fd30000 - 0x00007ffd9fd58000 	C:\Windows\System32\bcrypt.dll
0x00007ffda0b20000 - 0x00007ffda0c35000 	C:\Windows\System32\RPCRT4.dll
0x00007ffd9ef30000 - 0x00007ffd9f1c3000 	C:\Windows\WinSxS\amd64_microsoft.windows.common-controls_6595b64144ccf1df_6.0.22621.3235_none_270f74e173860f98\COMCTL32.dll
0x00007ffda1840000 - 0x00007ffda1869000 	C:\Windows\System32\GDI32.dll
0x00007ffda2620000 - 0x00007ffda27ce000 	C:\Windows\System32\USER32.dll
0x00007ffda0710000 - 0x00007ffda0736000 	C:\Windows\System32\win32u.dll
0x00007ffda0550000 - 0x00007ffda0669000 	C:\Windows\System32\gdi32full.dll
0x00007ffda0670000 - 0x00007ffda070a000 	C:\Windows\System32\msvcp_win.dll
0x00007ffd97030000 - 0x00007ffd9703a000 	C:\Windows\SYSTEM32\VERSION.dll
0x00007ffda2990000 - 0x00007ffda29c1000 	C:\Windows\System32\IMM32.DLL
0x00007ffd31a00000 - 0x00007ffd31a0c000 	C:\Program Files\Java\jdk-17\bin\vcruntime140_1.dll
0x00007ffce6a40000 - 0x00007ffce6ace000 	C:\Program Files\Java\jdk-17\bin\msvcp140.dll
0x00007ffce0a90000 - 0x00007ffce166e000 	C:\Program Files\Java\jdk-17\bin\server\jvm.dll
0x00007ffda1d30000 - 0x00007ffda1d38000 	C:\Windows\System32\PSAPI.DLL
0x00007ffd983e0000 - 0x00007ffd98414000 	C:\Windows\SYSTEM32\WINMM.dll
0x00007ffd3a990000 - 0x00007ffd3a999000 	C:\Windows\SYSTEM32\WSOCK32.dll
0x00007ffda11c0000 - 0x00007ffda1231000 	C:\Windows\System32\WS2_32.dll
0x00007ffd9df90000 - 0x00007ffd9dfa8000 	C:\Windows\SYSTEM32\kernel.appcore.dll
0x00007ffd2c4d0000 - 0x00007ffd2c4da000 	C:\Program Files\Java\jdk-17\bin\jimage.dll
0x00007ffd9f5c0000 - 0x00007ffd9f7f3000 	C:\Windows\SYSTEM32\DBGHELP.DLL
0x00007ffda0790000 - 0x00007ffda0b18000 	C:\Windows\System32\combase.dll
0x00007ffda10e0000 - 0x00007ffda11b7000 	C:\Windows\System32\OLEAUT32.dll
0x00007ffd9f4a0000 - 0x00007ffd9f4d2000 	C:\Windows\SYSTEM32\dbgcore.DLL
0x00007ffda02f0000 - 0x00007ffda0369000 	C:\Windows\System32\bcryptPrimitives.dll
0x00007ffd0a930000 - 0x00007ffd0a96b000 	C:\Program Files\Java\jdk-17\bin\jdwp.dll
0x00007ffd31a20000 - 0x00007ffd31a2e000 	C:\Program Files\Java\jdk-17\bin\instrument.dll
0x00007ffce4ee0000 - 0x00007ffce4f05000 	C:\Program Files\Java\jdk-17\bin\java.dll
0x00007ffceae80000 - 0x00007ffceae98000 	C:\Program Files\Java\jdk-17\bin\zip.dll
0x00007ffce4dd0000 - 0x00007ffce4ea7000 	C:\Program Files\Java\jdk-17\bin\jsvml.dll
0x00007ffda1dc0000 - 0x00007ffda261c000 	C:\Windows\System32\SHELL32.dll
0x00007ffd9ceb0000 - 0x00007ffd9d7a9000 	C:\Windows\SYSTEM32\windows.storage.dll
0x00007ffd9cd70000 - 0x00007ffd9ceae000 	C:\Windows\SYSTEM32\wintypes.dll
0x00007ffda1ab0000 - 0x00007ffda1ba3000 	C:\Windows\System32\SHCORE.dll
0x00007ffda1d40000 - 0x00007ffda1d9e000 	C:\Windows\System32\shlwapi.dll
0x00007ffd9fc60000 - 0x00007ffd9fc81000 	C:\Windows\SYSTEM32\profapi.dll
0x00007ffd31a10000 - 0x00007ffd31a1c000 	C:\Program Files\Java\jdk-17\bin\dt_socket.dll
0x00007ffd9da10000 - 0x00007ffd9da3d000 	C:\Windows\SYSTEM32\IPHLPAPI.DLL
0x00007ffd9e3c0000 - 0x00007ffd9e429000 	C:\Windows\system32\mswsock.dll
0x00007ffcecb90000 - 0x00007ffcecba9000 	C:\Program Files\Java\jdk-17\bin\net.dll
0x00007ffd990e0000 - 0x00007ffd99216000 	C:\Windows\SYSTEM32\WINHTTP.dll
0x00007ffceb040000 - 0x00007ffceb056000 	C:\Program Files\Java\jdk-17\bin\nio.dll
0x00007ffd31ca0000 - 0x00007ffd31caa000 	C:\Program Files\Java\jdk-17\bin\management.dll
0x00007ffd31c90000 - 0x00007ffd31c9b000 	C:\Program Files\Java\jdk-17\bin\management_ext.dll
0x00007ffd31c80000 - 0x00007ffd31c8e000 	C:\Program Files\Java\jdk-17\bin\sunmscapi.dll
0x00007ffda03e0000 - 0x00007ffda0547000 	C:\Windows\System32\CRYPT32.dll
0x00007ffd9ef00000 - 0x00007ffd9ef2e000 	C:\Windows\SYSTEM32\ncrypt.dll
0x00007ffd9eec0000 - 0x00007ffd9eef7000 	C:\Windows\SYSTEM32\NTASN1.dll
0x00007ffd9f8e0000 - 0x00007ffd9f8fb000 	C:\Windows\SYSTEM32\CRYPTSP.dll
0x00007ffd9def0000 - 0x00007ffd9df25000 	C:\Windows\system32\rsaenh.dll
0x00007ffd9ed40000 - 0x00007ffd9ed68000 	C:\Windows\SYSTEM32\USERENV.dll
0x00007ffd9ed70000 - 0x00007ffd9ed7c000 	C:\Windows\SYSTEM32\CRYPTBASE.dll
0x00007ffda0f10000 - 0x00007ffda0f19000 	C:\Windows\System32\NSI.dll
0x00007ffd98b00000 - 0x00007ffd98b19000 	C:\Windows\SYSTEM32\dhcpcsvc6.DLL
0x00007ffd98ae0000 - 0x00007ffd98aff000 	C:\Windows\SYSTEM32\dhcpcsvc.DLL
0x00007ffd9da80000 - 0x00007ffd9db79000 	C:\Windows\SYSTEM32\DNSAPI.dll
0x00007ffd28250000 - 0x00007ffd28260000 	C:\Program Files\Java\jdk-17\bin\verify.dll
0x00007ffd8f4a0000 - 0x00007ffd8f4aa000 	C:\Windows\System32\rasadhlp.dll
0x00007ffd97b20000 - 0x00007ffd97ba3000 	C:\Windows\System32\fwpuclnt.dll
0x00007ffd27e40000 - 0x00007ffd27e48000 	C:\Windows\system32\wshunix.dll

dbghelp: loaded successfully - version: 4.0.5 - missing functions: none
symbol engine: initialized successfully - sym options: 0x614 - pdb path: .;C:\Program Files\Java\jdk-17\bin;C:\Windows\SYSTEM32;C:\Windows\WinSxS\amd64_microsoft.windows.common-controls_6595b64144ccf1df_6.0.22621.3235_none_270f74e173860f98;C:\Program Files\Java\jdk-17\bin\server

VM Arguments:
jvm_args: -agentlib:jdwp=transport=dt_socket,address=127.0.0.1:57716,suspend=y,server=n -javaagent:C:\Users\ADEMKH~1\AppData\Local\Temp\captureAgentjars\debugger-agent.jar -Dfile.encoding=UTF-8 
java_command: com.formation.GestionFormationApplication
java_class_path (initial): C:\Users\adem khalfaoui\Documents\Zoom\GESTION_FORMATION\target\classes;C:\Users\adem khalfaoui\.m2\repository\org\springframework\boot\spring-boot-starter-data-jdbc\3.2.3\spring-boot-starter-data-jdbc-3.2.3.jar;C:\Users\adem khalfaoui\.m2\repository\org\springframework\boot\spring-boot-starter-jdbc\3.2.3\spring-boot-starter-jdbc-3.2.3.jar;C:\Users\adem khalfaoui\.m2\repository\com\zaxxer\HikariCP\5.0.1\HikariCP-5.0.1.jar;C:\Users\adem khalfaoui\.m2\repository\org\springframework\spring-jdbc\6.1.4\spring-jdbc-6.1.4.jar;C:\Users\adem khalfaoui\.m2\repository\org\springframework\data\spring-data-jdbc\3.2.3\spring-data-jdbc-3.2.3.jar;C:\Users\adem khalfaoui\.m2\repository\org\springframework\data\spring-data-relational\3.2.3\spring-data-relational-3.2.3.jar;C:\Users\adem khalfaoui\.m2\repository\com\github\jsqlparser\jsqlparser\4.6\jsqlparser-4.6.jar;C:\Users\adem khalfaoui\.m2\repository\org\springframework\data\spring-data-commons\3.2.3\spring-data-commons-3.2.3.jar;C:\Users\adem khalfaoui\.m2\repository\org\springframework\spring-tx\6.1.4\spring-tx-6.1.4.jar;C:\Users\adem khalfaoui\.m2\repository\org\springframework\spring-context\6.1.4\spring-context-6.1.4.jar;C:\Users\adem khalfaoui\.m2\repository\org\springframework\spring-beans\6.1.4\spring-beans-6.1.4.jar;C:\Users\adem khalfaoui\.m2\repository\org\slf4j\slf4j-api\2.0.12\slf4j-api-2.0.12.jar;C:\Users\adem khalfaoui\.m2\repository\org\springframework\boot\spring-boot-starter-data-jpa\3.2.3\spring-boot-starter-data-jpa-3.2.3.jar;C:\Users\adem khalfaoui\.m2\repository\org\springframework\boot\spring-boot-starter-aop\3.2.3\spring-boot-starter-aop-3.2.3.jar;C:\Users\adem khalfaoui\.m2\repository\org\aspectj\aspectjweaver\1.9.21\aspectjweaver-1.9.21.jar;C:\Users\adem khalfaoui\.m2\repository\org\hibernate\orm\hibernate-core\6.4.4.Final\hibernate-core-6.4.4.Final.jar;C:\Users\adem khalfaoui\.m2\repository\jakarta\persistence\jakarta.persistence-api\3.1.0\jakarta.persistence-api-3.1.0.jar;C:
Launcher Type: SUN_STANDARD

[Global flags]
     intx CICompilerCount                          = 4                                         {product} {ergonomic}
     uint ConcGCThreads                            = 3                                         {product} {ergonomic}
     uint G1ConcRefinementThreads                  = 10                                        {product} {ergonomic}
   size_t G1HeapRegionSize                         = 1048576                                   {product} {ergonomic}
    uintx GCDrainStackTargetSize                   = 64                                        {product} {ergonomic}
   size_t InitialHeapSize                          = 98566144                                  {product} {ergonomic}
   size_t MarkStackSize                            = 4194304                                   {product} {ergonomic}
   size_t MaxHeapSize                              = 1572864000                                {product} {ergonomic}
   size_t MaxNewSize                               = 943718400                                 {product} {ergonomic}
   size_t MinHeapDeltaBytes                        = 1048576                                   {product} {ergonomic}
   size_t MinHeapSize                              = 8388608                                   {product} {ergonomic}
    uintx NonNMethodCodeHeapSize                   = 5839372                                {pd product} {ergonomic}
    uintx NonProfiledCodeHeapSize                  = 122909434                              {pd product} {ergonomic}
    uintx ProfiledCodeHeapSize                     = 122909434                              {pd product} {ergonomic}
    uintx ReservedCodeCacheSize                    = 251658240                              {pd product} {ergonomic}
     bool SegmentedCodeCache                       = true                                      {product} {ergonomic}
   size_t SoftMaxHeapSize                          = 1572864000                             {manageable} {ergonomic}
     bool UseCompressedClassPointers               = true                           {product lp64_product} {ergonomic}
     bool UseCompressedOops                        = true                           {product lp64_product} {ergonomic}
     bool UseG1GC                                  = true                                      {product} {ergonomic}
     bool UseLargePagesIndividualAllocation        = false                                  {pd product} {ergonomic}

Logging:
Log output configuration:
 #0: stdout all=warning uptime,level,tags
 #1: stderr all=off uptime,level,tags

Environment Variables:
PATH=C:\Program Files\Microsoft\jdk-11.0.16.101-hotspot\bin;C:\Program Files\Common Files\Oracle\Java\javapath;C:\Windows\system32;C:\Windows;C:\Windows\System32\Wbem;C:\Windows\System32\WindowsPowerShell\v1.0\;C:\Windows\System32\OpenSSH\;C:\Program Files (x86)\NVIDIA Corporation\PhysX\Common;C:\Program Files\NVIDIA Corporation\NVIDIA NvDLISR;C:\Program Files\Java\jdk-17\bin;C:\Program Files\Git\cmd;C:\Program Files (x86)\Windows Kits\10\Windows Performance Toolkit\;C:\apache-maven-3.9.5\bin;C:\Program Files (x86)\Certbot\bin;C:\Program Files\nodejs\;C:\Users\adem khalfaoui\AppData\Local\Microsoft\WindowsApps;C:\Users\adem khalfaoui\AppData\Local\Programs\Microsoft VS Code\bin;C:\flutter\bin;C:\Users\adem khalfaoui\AppData\Roaming\npm
USERNAME=adem khalfaoui
OS=Windows_NT
PROCESSOR_IDENTIFIER=AMD64 Family 25 Model 80 Stepping 0, AuthenticAMD



---------------  S Y S T E M  ---------------

OS:
 Windows 11 , 64 bit Build 22621 (10.0.22621.3374)
OS uptime: 0 days 20:54 hours

CPU: total 12 (initial active 12) (12 cores per cpu, 2 threads per core) family 25 model 80 stepping 0 microcode 0x0, cx8, cmov, fxsr, ht, mmx, 3dnowpref, sse, sse2, sse3, ssse3, sse4a, sse4.1, sse4.2, popcnt, lzcnt, tsc, tscinvbit, avx, avx2, aes, erms, clmul, bmi1, bmi2, adx, sha, fma, vzeroupper, clflush, clflushopt

Memory: 4k page, system-wide physical 5996M (278M free)
TotalPageFile size 24428M (AvailPageFile size 1M)
current process WorkingSet (physical memory assigned to process): 357M, peak: 357M
current process commit charge ("private bytes"): 407M, peak: 407M

vm_info: Java HotSpot(TM) 64-Bit Server VM (17.0.8+9-LTS-211) for windows-amd64 JRE (17.0.8+9-LTS-211), built on Jun 14 2023 10:34:31 by "mach5one" with MS VC++ 17.1 (VS2022)

END.
