#
# There is insufficient memory for the Java Runtime Environment to continue.
# Native memory allocation (mmap) failed to map 98566144 bytes for G1 virtual space
# Possible reasons:
#   The system is out of physical RAM or swap space
#   The process is running with CompressedOops enabled, and the Java Heap may be blocking the growth of the native heap
# Possible solutions:
#   Reduce memory load on the system
#   Increase physical memory or swap space
#   Check if swap backing store is full
#   Decrease Java heap size (-Xmx/-Xms)
#   Decrease number of Java threads
#   Decrease Java thread stack sizes (-Xss)
#   Set larger code cache with -XX:ReservedCodeCacheSize=
#   JVM is running with Unscaled Compressed Oops mode in which the Java heap is
#     placed in the first 4GB address space. The Java Heap base address is the
#     maximum limit for the native heap growth. Please use -XX:HeapBaseMinAddress
#     to set the Java Heap base and to place the Java Heap above 4GB virtual address.
# This output file may be truncated or incomplete.
#
#  Out of Memory Error (os_windows.cpp:3550), pid=26252, tid=14960
#
# JRE version:  (17.0.8+9) (build )
# Java VM: Java HotSpot(TM) 64-Bit Server VM (17.0.8+9-LTS-211, mixed mode, sharing, tiered, compressed oops, compressed class ptrs, g1 gc, windows-amd64)
# No core dump will be written. Minidumps are not enabled by default on client versions of Windows
#

---------------  S U M M A R Y ------------

Command Line: C:\Users\adem khalfaoui\AppData\Local\Temp\surefire613402319223946423\surefirebooter-20240509190629013_3.jar C:\Users\adem khalfaoui\AppData\Local\Temp\surefire613402319223946423 2024-05-09T19-06-28_654-jvmRun1 surefire-20240509190629013_1tmp surefire_0-20240509190629013_2tmp

Host: AMD Ryzen 5 5600H with Radeon Graphics         , 12 cores, 5G,  Windows 11 , 64 bit Build 22621 (10.0.22621.3374)
Time: Thu May  9 19:06:29 2024 Afr. centrale Ouest elapsed time: 0.014313 seconds (0d 0h 0m 0s)

---------------  T H R E A D  ---------------

Current thread (0x0000027d1e53e7c0):  JavaThread "Unknown thread" [_thread_in_vm, id=14960, stack(0x000000a06b300000,0x000000a06b400000)]

Stack: [0x000000a06b300000,0x000000a06b400000]
Native frames: (J=compiled Java code, j=interpreted, Vv=VM code, C=native code)
V  [jvm.dll+0x677d0a]
V  [jvm.dll+0x7d8c54]
V  [jvm.dll+0x7da3fe]
V  [jvm.dll+0x7daa63]
V  [jvm.dll+0x245c5f]
V  [jvm.dll+0x674bb9]
V  [jvm.dll+0x6694f2]
V  [jvm.dll+0x3031d6]
V  [jvm.dll+0x30a756]
V  [jvm.dll+0x359f9e]
V  [jvm.dll+0x35a1cf]
V  [jvm.dll+0x2da3e8]
V  [jvm.dll+0x2db354]
V  [jvm.dll+0x7aa711]
V  [jvm.dll+0x367b51]
V  [jvm.dll+0x789979]
V  [jvm.dll+0x3eb05f]
V  [jvm.dll+0x3ecae1]
C  [jli.dll+0x5297]
C  [ucrtbase.dll+0x29333]
C  [KERNEL32.DLL+0x1257d]
C  [ntdll.dll+0x5aa48]


---------------  P R O C E S S  ---------------

Threads class SMR info:
_java_thread_list=0x00007ffce15459d8, length=0, elements={
}

Java Threads: ( => current thread )

Other Threads:
  0x0000027d1e58c010 GCTaskThread "GC Thread#0" [stack: 0x000000a06b400000,0x000000a06b500000] [id=1156]
  0x0000027d1e5989d0 ConcurrentGCThread "G1 Main Marker" [stack: 0x000000a06b500000,0x000000a06b600000] [id=29568]
  0x0000027d1e599a80 ConcurrentGCThread "G1 Conc#0" [stack: 0x000000a06b600000,0x000000a06b700000] [id=22880]

[error occurred during error reporting (printing all threads), id 0xc0000005, EXCEPTION_ACCESS_VIOLATION (0xc0000005) at pc=0x00007ffce0d7b047]

VM state: not at safepoint (not fully initialized)

VM Mutex/Monitor currently owned by a thread:  ([mutex/lock_event])
[0x0000027d1e53a380] Heap_lock - owner thread: 0x0000027d1e53e7c0

Heap address: 0x00000000a2400000, size: 1500 MB, Compressed Oops mode: 32-bit

CDS archive(s) mapped at: [0x0000000000000000-0x0000000000000000-0x0000000000000000), size 0, SharedBaseAddress: 0x0000000800000000, ArchiveRelocationMode: 1.
Narrow klass base: 0x0000000000000000, Narrow klass shift: 0, Narrow klass range: 0x0

GC Precious Log:
<Empty>

Heap:
 garbage-first heap   total 0K, used 0K [0x00000000a2400000, 0x0000000100000000)
  region size 1024K, 0 young (0K), 0 survivors (0K)

[error occurred during error reporting (printing heap information), id 0xc0000005, EXCEPTION_ACCESS_VIOLATION (0xc0000005) at pc=0x00007ffce1161499]

GC Heap History (0 events):
No events

Deoptimization events (0 events):
No events

Classes unloaded (0 events):
No events

Classes redefined (0 events):
No events

Internal exceptions (0 events):
No events

VM Operations (0 events):
No events

Events (1 events):
Event: 0.008 Loaded shared library C:\Program Files\Java\jdk-17\bin\java.dll


Dynamic libraries:
0x00007ff637ad0000 - 0x00007ff637ae0000 	C:\Program Files\Java\jdk-17\bin\java.exe
0x00007ffda2a10000 - 0x00007ffda2c26000 	C:\Windows\SYSTEM32\ntdll.dll
0x00007ffda1770000 - 0x00007ffda1834000 	C:\Windows\System32\KERNEL32.DLL
0x00007ffd9ff40000 - 0x00007ffda02e7000 	C:\Windows\System32\KERNELBASE.dll
0x00007ffd9fe20000 - 0x00007ffd9ff31000 	C:\Windows\System32\ucrtbase.dll
0x00007ffd39850000 - 0x00007ffd39869000 	C:\Program Files\Java\jdk-17\bin\jli.dll
0x00007ffd0a910000 - 0x00007ffd0a92b000 	C:\Program Files\Java\jdk-17\bin\VCRUNTIME140.dll
0x00007ffda0c40000 - 0x00007ffda0cf2000 	C:\Windows\System32\ADVAPI32.dll
0x00007ffda0fb0000 - 0x00007ffda1057000 	C:\Windows\System32\msvcrt.dll
0x00007ffda0d00000 - 0x00007ffda0da8000 	C:\Windows\System32\sechost.dll
0x00007ffd9fd30000 - 0x00007ffd9fd58000 	C:\Windows\System32\bcrypt.dll
0x00007ffda0b20000 - 0x00007ffda0c35000 	C:\Windows\System32\RPCRT4.dll
0x00007ffda2620000 - 0x00007ffda27ce000 	C:\Windows\System32\USER32.dll
0x00007ffda0710000 - 0x00007ffda0736000 	C:\Windows\System32\win32u.dll
0x00007ffd9ef30000 - 0x00007ffd9f1c3000 	C:\Windows\WinSxS\amd64_microsoft.windows.common-controls_6595b64144ccf1df_6.0.22621.3235_none_270f74e173860f98\COMCTL32.dll
0x00007ffda1840000 - 0x00007ffda1869000 	C:\Windows\System32\GDI32.dll
0x00007ffda0550000 - 0x00007ffda0669000 	C:\Windows\System32\gdi32full.dll
0x00007ffda0670000 - 0x00007ffda070a000 	C:\Windows\System32\msvcp_win.dll
0x00007ffd97030000 - 0x00007ffd9703a000 	C:\Windows\SYSTEM32\VERSION.dll
0x00007ffda2990000 - 0x00007ffda29c1000 	C:\Windows\System32\IMM32.DLL
0x00007ffd31a00000 - 0x00007ffd31a0c000 	C:\Program Files\Java\jdk-17\bin\vcruntime140_1.dll
0x00007ffce6a40000 - 0x00007ffce6ace000 	C:\Program Files\Java\jdk-17\bin\msvcp140.dll
0x00007ffce0a90000 - 0x00007ffce166e000 	C:\Program Files\Java\jdk-17\bin\server\jvm.dll
0x00007ffda1d30000 - 0x00007ffda1d38000 	C:\Windows\System32\PSAPI.DLL
0x00007ffd983e0000 - 0x00007ffd98414000 	C:\Windows\SYSTEM32\WINMM.dll
0x00007ffd3a990000 - 0x00007ffd3a999000 	C:\Windows\SYSTEM32\WSOCK32.dll
0x00007ffda11c0000 - 0x00007ffda1231000 	C:\Windows\System32\WS2_32.dll
0x00007ffd9df90000 - 0x00007ffd9dfa8000 	C:\Windows\SYSTEM32\kernel.appcore.dll
0x00007ffd2c4d0000 - 0x00007ffd2c4da000 	C:\Program Files\Java\jdk-17\bin\jimage.dll
0x00007ffd9f5c0000 - 0x00007ffd9f7f3000 	C:\Windows\SYSTEM32\DBGHELP.DLL
0x00007ffda0790000 - 0x00007ffda0b18000 	C:\Windows\System32\combase.dll
0x00007ffda10e0000 - 0x00007ffda11b7000 	C:\Windows\System32\OLEAUT32.dll
0x00007ffd9f4a0000 - 0x00007ffd9f4d2000 	C:\Windows\SYSTEM32\dbgcore.DLL
0x00007ffda02f0000 - 0x00007ffda0369000 	C:\Windows\System32\bcryptPrimitives.dll
0x00007ffce4ee0000 - 0x00007ffce4f05000 	C:\Program Files\Java\jdk-17\bin\java.dll

dbghelp: loaded successfully - version: 4.0.5 - missing functions: none
symbol engine: initialized successfully - sym options: 0x614 - pdb path: .;C:\Program Files\Java\jdk-17\bin;C:\Windows\SYSTEM32;C:\Windows\WinSxS\amd64_microsoft.windows.common-controls_6595b64144ccf1df_6.0.22621.3235_none_270f74e173860f98;C:\Program Files\Java\jdk-17\bin\server

VM Arguments:
java_command: C:\Users\adem khalfaoui\AppData\Local\Temp\surefire613402319223946423\surefirebooter-20240509190629013_3.jar C:\Users\adem khalfaoui\AppData\Local\Temp\surefire613402319223946423 2024-05-09T19-06-28_654-jvmRun1 surefire-20240509190629013_1tmp surefire_0-20240509190629013_2tmp
java_class_path (initial): C:\Users\adem khalfaoui\AppData\Local\Temp\surefire613402319223946423\surefirebooter-20240509190629013_3.jar
Launcher Type: SUN_STANDARD

[Global flags]
     intx CICompilerCount                          = 4                                         {product} {ergonomic}
     uint ConcGCThreads                            = 3                                         {product} {ergonomic}
     uint G1ConcRefinementThreads                  = 10                                        {product} {ergonomic}
   size_t G1HeapRegionSize                         = 1048576                                   {product} {ergonomic}
    uintx GCDrainStackTargetSize                   = 64                                        {product} {ergonomic}
   size_t InitialHeapSize                          = 98566144                                  {product} {ergonomic}
   size_t MarkStackSize                            = 4194304                                   {product} {ergonomic}
   size_t MaxHeapSize                              = 1572864000                                {product} {ergonomic}
   size_t MinHeapDeltaBytes                        = 1048576                                   {product} {ergonomic}
   size_t MinHeapSize                              = 8388608                                   {product} {ergonomic}
    uintx NonNMethodCodeHeapSize                   = 5839372                                {pd product} {ergonomic}
    uintx NonProfiledCodeHeapSize                  = 122909434                              {pd product} {ergonomic}
    uintx ProfiledCodeHeapSize                     = 122909434                              {pd product} {ergonomic}
    uintx ReservedCodeCacheSize                    = 251658240                              {pd product} {ergonomic}
     bool SegmentedCodeCache                       = true                                      {product} {ergonomic}
   size_t SoftMaxHeapSize                          = 1572864000                             {manageable} {ergonomic}
     bool UseCompressedClassPointers               = true                           {product lp64_product} {ergonomic}
     bool UseCompressedOops                        = true                           {product lp64_product} {ergonomic}
     bool UseG1GC                                  = true                                      {product} {ergonomic}
     bool UseLargePagesIndividualAllocation        = false                                  {pd product} {ergonomic}

Logging:
Log output configuration:
 #0: stdout all=warning uptime,level,tags
 #1: stderr all=off uptime,level,tags

Environment Variables:
PATH=C:\Program Files\Microsoft\jdk-11.0.16.101-hotspot\bin;C:\Program Files\Common Files\Oracle\Java\javapath;C:\Windows\system32;C:\Windows;C:\Windows\System32\Wbem;C:\Windows\System32\WindowsPowerShell\v1.0\;C:\Windows\System32\OpenSSH\;C:\Program Files (x86)\NVIDIA Corporation\PhysX\Common;C:\Program Files\NVIDIA Corporation\NVIDIA NvDLISR;C:\Program Files\Java\jdk-17\bin;C:\Program Files\Git\cmd;C:\Program Files (x86)\Windows Kits\10\Windows Performance Toolkit\;C:\apache-maven-3.9.5\bin;C:\Program Files (x86)\Certbot\bin;C:\Program Files\nodejs\;C:\Users\adem khalfaoui\AppData\Local\Microsoft\WindowsApps;C:\Users\adem khalfaoui\AppData\Local\Programs\Microsoft VS Code\bin;C:\flutter\bin;C:\Users\adem khalfaoui\AppData\Roaming\npm
USERNAME=adem khalfaoui
OS=Windows_NT
PROCESSOR_IDENTIFIER=AMD64 Family 25 Model 80 Stepping 0, AuthenticAMD



---------------  S Y S T E M  ---------------

OS:
 Windows 11 , 64 bit Build 22621 (10.0.22621.3374)
OS uptime: 0 days 20:49 hours

CPU: total 12 (initial active 12) (12 cores per cpu, 2 threads per core) family 25 model 80 stepping 0 microcode 0x0, cx8, cmov, fxsr, ht, mmx, 3dnowpref, sse, sse2, sse3, ssse3, sse4a, sse4.1, sse4.2, popcnt, lzcnt, tsc, tscinvbit, avx, avx2, aes, erms, clmul, bmi1, bmi2, adx, sha, fma, vzeroupper, clflush, clflushopt

Memory: 4k page, system-wide physical 5996M (737M free)
TotalPageFile size 24428M (AvailPageFile size 21M)
current process WorkingSet (physical memory assigned to process): 11M, peak: 11M
current process commit charge ("private bytes"): 64M, peak: 158M

vm_info: Java HotSpot(TM) 64-Bit Server VM (17.0.8+9-LTS-211) for windows-amd64 JRE (17.0.8+9-LTS-211), built on Jun 14 2023 10:34:31 by "mach5one" with MS VC++ 17.1 (VS2022)

END.
